     1                                 %line 1+1 ast04.asm
     2                                 
     3                                 
     4                                 
     5                                 
     6                                 
     7                                 
     8                                 
     9                                 
    10                                 
    11                                 [section .data]
    12                                 
    13                                 
    14                                 
    15                                 NULL equ 0
    16                                 
    17                                 TRUE equ 1
    18                                 FALSE equ 0
    19                                 
    20                                 EXIT_SUCCESS equ 0
    21                                 SYS_exit equ 60
    22                                 
    23                                 
    24                                 
    25                                 
    26 00000000 10270000               rand dd 10000
    27                                 
    28                                 
    29                                 
    30                                 [section .text]
    31                                 [global _start]
    32                                 _start:
    33                                 
    34                                 
    35                                 
    36 00000000 B80A000000             mov eax, 10
    37 00000005 D1E8                   shr eax, 1
    38                                 
    39                                 
    40                                 
    41                                 
    42                                 last:
    43 00000007 48C7C03C000000          mov rax, SYS_exit
    44 0000000E 48C7C700000000          mov rdi, EXIT_SUCCESS
    45 00000015 0F05                    syscall
    46                                 
