     1                                 %line 1+1 ast01.asm
     2                                 
     3                                 
     4                                 
     5                                 
     6                                 
     7                                 
     8                                 
     9                                 
    10                                 
    11                                 
    12                                 
    13                                 
    14                                 [section .data]
    15                                 
    16                                 
    17                                 
    18                                 
    19                                 TRUE equ 1
    20                                 FALSE equ 0
    21                                 
    22                                 EXIT_SUCCESS equ 0
    23                                 SYS_exit equ 60
    24                                 
    25                                 
    26                                 
    27                                 
    28 00000000 11                     num1 db 17
    29 00000001 09                     num2 db 9
    30                                 
    31 00000002 00                     res1 db 0
    32 00000003 00                     res2 db 0
    33 00000004 0000                   res3 dw 0
    34 00000006 00                     res4 db 0
    35 00000007 00                     rem4 db 0
    36                                 
    37                                 
    38                                 
    39                                 
    40 00000008 8B13                   num3 dw 5003
    41 0000000A 0700                   num4 dw 7
    42                                 
    43 0000000C 0000                   res5 dw 0
    44 0000000E 0000                   res6 dw 0
    45 00000010 00000000               res7 dd 0
    46 00000014 0000                   res8 dw 0
    47 00000016 0000                   rem8 dw 0
    48                                 
    49                                 
    50                                 
    51                                 
    52 00000018 A7860100               num5 dd 100007
    53 0000001C DD050000               num6 dd 1501
    54                                 
    55 00000020 00000000               res9 dd 0
    56 00000024 00000000               res10 dd 0
    57 00000028 0000000000000000       res11 dq 0
    58 00000030 00000000               res12 dd 0
    59 00000034 00000000               rem12 dd 0
    60                                 
    61                                 
    62                                 
    63                                 
    64 00000038 2A54BC0000000000       num7 dq 12342314
    65 00000040 CD38000000000000       num8 dq 14541
    66                                 
    67 00000048 0000000000000000       res13 dq 0
    68 00000050 0000000000000000       res14 dq 0
    69 00000058 000000000000000000-    res15 ddq 0
    70 00000058 00000000000000     
    71 00000068 0000000000000000       res16 dq 0
    72 00000070 0000000000000000       rem16 dq 0
    73                                 
    74                                 
    75                                 
    76                                 
    77                                 
    78                                 [section .text]
    79                                 [global _start]
    80                                 _start:
    81                                 
    82                                 
    83                                 
    84                                 
    85                                 
    86                                 
    87 00000000 8A0425[00000000]        mov al, byte [num1]
    88 00000007 020425[00000000]        add al, byte [num2]
    89 0000000E 880425[00000000]        mov byte [res1], al
    90                                 
    91                                 
    92 00000015 8A0425[00000000]        mov al, byte [num1]
    93 0000001C 2A0425[00000000]        sub al, byte [num2]
    94 00000023 880425[00000000]        mov byte [res2], al
    95                                 
    96                                 
    97 0000002A 8A0425[00000000]        mov al, byte [num1]
    98 00000031 F62425[00000000]        mul byte [num2]
    99 00000038 66890425[00000000]      mov word [res3], ax
   100                                 
   101                                 
   102                                 
   103 00000040 8A0425[00000000]        mov al, byte [num1]
   104 00000047 6698                    cbw
   105 00000049 F63425[00000000]        div byte [num2]
   106 00000050 880425[00000000]        mov byte [res4], al
   107 00000057 882425[00000000]        mov byte [rem4], ah
   108                                 
   109                                 
   110                                 
   111                                 
   112                                 
   113 0000005E 668B0425[00000000]      mov ax, word [num3]
   114 00000066 66030425[00000000]      add ax, word [num4]
   115 0000006E 66890425[00000000]      mov word [res5], ax
   116                                 
   117                                 
   118 00000076 668B0425[00000000]      mov ax, word [num3]
   119 0000007E 662B0425[00000000]      sub ax, word [num4]
   120 00000086 66890425[00000000]      mov word [res6], ax
   121                                 
   122                                 
   123 0000008E 668B0425[00000000]      mov ax, word [num3]
   124 00000096 66F72425[00000000]      mul word [num4]
   125 0000009E 890425[00000000]        mov dword [res7], eax
   126                                 
   127                                 
   128                                 
   129 000000A5 668B0425[00000000]      mov ax, word [num3]
   130 000000AD 6699                    cwd
   131 000000AF 66F73425[00000000]      div word [num4]
   132 000000B7 66890425[00000000]      mov word [res8], ax
   133 000000BF 66891425[00000000]      mov word [rem8], dx
   134                                 
   135                                 
   136                                 
   137                                 
   138                                 
   139 000000C7 8B0425[00000000]        mov eax, dword [num5]
   140 000000CE 030425[00000000]        add eax, dword [num6]
   141 000000D5 890425[00000000]        mov dword [res9], eax
   142                                 
   143                                 
   144 000000DC 8B0425[00000000]        mov eax, dword [num5]
   145 000000E3 2B0425[00000000]        sub eax, dword [num6]
   146 000000EA 890425[00000000]        mov dword [res10], eax
   147                                 
   148                                 
   149 000000F1 8B0425[00000000]        mov eax, dword [num5]
   150 000000F8 F72425[00000000]        mul dword [num6]
   151 000000FF 890425[00000000]        mov dword [res11], eax
   152 00000106 891425[04000000]        mov dword [res11+4], edx
   153                                 
   154                                 
   155                                 
   156 0000010D 8B0425[00000000]        mov eax, dword [num5]
   157 00000114 99                      cdq
   158 00000115 F73425[00000000]        div dword [num6]
   159 0000011C 890425[00000000]        mov dword [res12], eax
   160 00000123 891425[00000000]        mov dword [rem12], edx
   161                                 
   162                                 
   163                                 
   164                                 
   165                                 
   166 0000012A 488B0425[00000000]      mov rax, qword [num7]
   167 00000132 48030425[00000000]      add rax, qword [num8]
   168 0000013A 48890425[00000000]      mov qword [res13], rax
   169                                 
   170                                 
   171 00000142 488B0425[00000000]      mov rax, qword [num7]
   172 0000014A 482B0425[00000000]      sub rax, qword [num8]
   173 00000152 48890425[00000000]      mov qword [res14], rax
   174                                 
   175                                 
   176 0000015A 488B0425[00000000]      mov rax, qword [num7]
   177 00000162 48F72425[00000000]      mul qword [num8]
   178 0000016A 48890425[00000000]      mov qword [res15], rax
   179 00000172 48891425[08000000]      mov qword [res15+8], rdx
   180                                 
   181                                 
   182                                 
   183 0000017A 488B0425[00000000]      mov rax, qword [num7]
   184 00000182 4899                    cqo
   185 00000184 48F73425[00000000]      div qword [num8]
   186 0000018C 48890425[00000000]      mov [res16], rax
   187 00000194 48891425[00000000]      mov [rem16], rdx
   188                                 
   189                                 
   190                                 
   191                                 
   192                                 last:
   193 0000019C 48C7C03C000000          mov rax, SYS_exit
   194 000001A3 48C7C700000000          mov rdi, EXIT_SUCCESS
   195 000001AA 0F05                    syscall
   196                                 
