     1                                 %line 1+1 ast04.asm
     2                                 
     3                                 
     4                                 
     5                                 
     6                                 
     7                                 
     8                                 
     9                                 
    10                                 
    11                                 [section .data]
    12                                 
    13                                 
    14                                 
    15                                 NULL equ 0
    16                                 
    17                                 TRUE equ 1
    18                                 FALSE equ 0
    19                                 
    20                                 EXIT_SUCCESS equ 0
    21                                 SYS_exit equ 60
    22                                 
    23                                 
    24                                 
    25                                 
    26 00000000 5C0800005C04000004-    list dd 2140, 1116, 1540, 1240, 1677, 1635, 2426, 1820
    27 00000000 060000D80400008D06-
    28 00000000 0000630600007A0900-
    29 00000000 001C070000         
    30 00000020 4E06000072090000D1-     dd 1614, 2418, 2513, 1420, 2119, 1215, 1525, 1712
    31 00000020 0900008C0500004708-
    32 00000020 0000BF040000F50500-
    33 00000020 00B0060000         
    34 00000040 A1050000260E0000C3-     dd 1441, 3622, 1731, 1729, 1615, 1724, 1217, 1224
    35 00000040 060000C10600004F06-
    36 00000040 0000BC060000C10400-
    37 00000040 00C8040000         
    38 00000060 2C0600007B04000014-     dd 1580, 1147, 2324, 1425, 1816, 1262, 2718, 2192
    39 00000060 090000910500001807-
    40 00000060 0000EE0400009E0A00-
    41 00000060 0090080000         
    42 00000080 98050000D3040000CC-     dd 1432, 1235, 2764, 1615, 1310, 1765, 1954, 1967
    43 00000080 0A00004F0600001E05-
    44 00000080 0000E5060000A20700-
    45 00000080 00AF070000         
    46 000000A0 EB050000E40D00003E-     dd 1515, 3556, 1342, 7321, 1556, 2727, 1227, 1927
    47 000000A0 050000991C00001406-
    48 000000A0 0000A70A0000CB0400-
    49 000000A0 0087070000         
    50 000000C0 66050000B905000073-     dd 1382, 1465, 3955, 1435, 1225, 2419, 2534, 1345
    51 000000C0 0F00009B050000C904-
    52 000000C0 000073090000E60900-
    53 000000C0 0041050000         
    54 000000E0 A309000023050000A9-     dd 2467, 1315, 1961, 1335, 2856, 2553, 1032, 1835
    55 000000E0 07000037050000280B-
    56 000000E0 0000F9090000080400-
    57 000000E0 002B070000         
    58 00000100 DE0400001A0900000D-     dd 1246, 2330, 2317, 1115, 2726, 2140, 2565, 2871
    59 00000100 0900005B040000A60A-
    60 00000100 00005C080000050A00-
    61 00000100 00370B0000         
    62 00000120 B80500007B07000012-     dd 1464, 1915, 1810, 1465, 1554, 1267, 1615, 1656
    63 00000120 070000B90500001206-
    64 00000120 0000F30400004F0600-
    65 00000120 0078060000         
    66 00000140 900800002107000085-     dd 2192, 1825, 1925, 2312, 1725, 2517, 1498, 1677
    67 00000140 07000008090000BD06-
    68 00000140 0000D5090000DA0500-
    69 00000140 008D060000         
    70 00000160 C3050000F2070000C7-     dd 1475, 2034, 1223, 1883, 1173, 1350, 1415, 1335
    71 00000160 0400005B0700009504-
    72 00000160 000046050000870500-
    73 00000160 0037050000         
    74 00000180 650400005E040000B1-     dd 1125, 1118, 1713, 3025
    75 00000180 060000D10B0000     
    76 00000190 64000000               length dd 100
    77 00000194 00000000               listMin dd 0
    78 00000198 00000000               listEstMed dd 0
    79 0000019C 00000000               listMax dd 0
    80 000001A0 00000000               listSum dd 0
    81 000001A4 00000000               listAve dd 0
    82 000001A8 00000000               evenCnt dd 0
    83 000001AC 00000000               evenSum dd 0
    84 000001B0 00000000               evenAve dd 0
    85 000001B4 00000000               tenCnt dd 0
    86 000001B8 00000000               tenSum dd 0
    87 000001BC 00000000               tenAve dd 0
    88                                 
    89                                 
    90                                 
    91                                 [section .text]
    92                                 [global _start]
    93                                 _start:
    94                                 
    95                                 
    96                                 
    97                                 
    98                                 
    99 00000000 49C7C400000000         mov r12, 0
   100 00000007 BB02000000             mov ebx, 2
   101 0000000C B90A000000             mov ecx, 10
   102 00000011 8B0425[00000000]       mov eax, dword [list]
   103 00000018 890425[00000000]       mov dword [listMin], eax
   104 0000001F 890425[00000000]       mov dword [listMax], eax
   105 00000026 49C7C300000000         mov r11, 0
   106 0000002D 49C7C200000000         mov r10, 0
   107                                 
   108                                 loopStart:
   109                                 
   110                                 
   111                                 
   112 00000034 428B04A5[00000000]     mov eax, dword [list + r12 * 4]
   113 0000003C 010425[00000000]       add dword [listSum], eax
   114                                 
   115 00000043 3B0425[00000000]       cmp eax, dword [listMin]
   116 0000004A 7200                   jb swapMin
   117 0000004C EB05                   jmp checkMax
   118                                 
   119                                 swapMin:
   120 0000004E 890425[00000000]       mov dword [listMin], eax
   121                                 
   122                                 checkMax:
   123 00000055 3B0425[00000000]       cmp eax, dword [listMax]
   124 0000005C 7700                   ja swapMax
   125 0000005E EB05                   jmp checkEven
   126                                 
   127                                 swapMax:
   128 00000060 890425[00000000]       mov dword [listMax], eax
   129                                 
   130                                 checkEven:
   131 00000067 99                     cdq
   132 00000068 F7F3                   div ebx
   133 0000006A 83FA00                 cmp edx, 0
   134 0000006D 7400                   je isEven
   135 0000006F EB18                   jmp divBy10
   136                                 
   137                                 isEven:
   138 00000071 49FFC3                 inc r11
   139 00000074 428B04A5[00000000]     mov eax, dword [list + r12 * 4]
   140 0000007C 44891C25[00000000]     mov dword [evenCnt], r11d
   141 00000084 010425[00000000]       add dword [evenSum], eax
   142                                 
   143                                 divBy10:
   144 0000008B 428B04A5[00000000]     mov eax, dword [list + r12 * 4]
   145 00000093 99                     cdq
   146 00000094 F7F1                   div ecx
   147 00000096 83FA00                 cmp edx, 0
   148 00000099 7400                   je isDivBy10
   149 0000009B EB18                   jmp continue
   150                                 
   151                                 isDivBy10:
   152 0000009D 49FFC2                 inc r10
   153 000000A0 428B04A5[00000000]     mov eax, dword [list + r12 * 4]
   154 000000A8 44891425[00000000]     mov dword [tenCnt], r10d
   155 000000B0 010425[00000000]       add dword [tenSum], eax
   156                                 
   157                                 continue:
   158                                 
   159 000000B7 49FFC4                 inc r12
   160 000000BA 443B2425[00000000]     cmp r12d, dword [length]
   161 000000C2 0F8566FFFFFF           jne loopStart
   162                                 
   163                                 
   164                                 
   165                                 
   166 000000C8 48C7C000000000         mov rax, 0
   167 000000CF 8B0425[00000000]       mov eax, dword [listSum]
   168 000000D6 99                     cdq
   169 000000D7 F73425[00000000]       div dword [length]
   170 000000DE 890425[00000000]       mov dword [listAve], eax
   171                                 
   172                                 
   173                                 
   174 000000E5 48C7C000000000         mov rax, 0
   175 000000EC 8B0425[00000000]       mov eax, dword [evenSum]
   176 000000F3 99                     cdq
   177 000000F4 F73425[00000000]       div dword [evenCnt]
   178 000000FB 890425[00000000]       mov dword [evenAve], eax
   179                                 
   180                                 
   181                                 
   182 00000102 48C7C000000000         mov rax, 0
   183 00000109 8B0425[00000000]       mov eax, dword [tenSum]
   184 00000110 99                     cdq
   185 00000111 F73425[00000000]       div dword [tenCnt]
   186 00000118 890425[00000000]       mov dword [tenAve], eax
   187                                 
   188                                 
   189                                 
   190                                 
   191                                 
   192                                 
   193 0000011F 8B0425[00000000]       mov eax, dword [length]
   194 00000126 99                     cdq
   195 00000127 F7F3                   div ebx
   196 00000129 49C7C400000000         mov r12, 0
   197 00000130 4189C4                 mov r12d, eax
   198                                 
   199 00000133 428B04A5[00000000]     mov eax, dword [list + r12 * 4]
   200 0000013B 420304A5[FCFFFFFF]     add eax, dword [list + ((r12 * 4) - 4)]
   201 00000143 99                     cdq
   202 00000144 F7F3                   div ebx
   203 00000146 890425[00000000]       mov dword [listEstMed], eax
   204                                 
   205                                 
   206                                 
   207                                 
   208                                 
   209                                 
   210                                 last:
   211 0000014D 48C7C03C000000          mov rax, SYS_exit
   212 00000154 48C7C700000000          mov rdi, EXIT_SUCCESS
   213 0000015B 0F05                    syscall
   214                                 
