     1                                 %line 1+1 a12procs.asm
     2                                 
     3                                 
     4                                 
     5                                 
     6                                 
     7                                 
     8                                 
     9                                 
    10                                 
    11                                 
    12                                 
    13                                 
    14                                 
    15                                 
    16                                 [section .data]
    17                                 
    18                                 
    19                                 
    20                                 
    21                                 LF equ 10
    22                                 NULL equ 0
    23                                 ESC equ 27
    24                                 
    25                                 TRUE equ 1
    26                                 FALSE equ 0
    27                                 
    28                                 SUCCESS equ 0
    29                                 NOSUCCESS equ 1
    30                                 
    31                                 STDIN equ 0
    32                                 STDOUT equ 1
    33                                 STDERR equ 2
    34                                 
    35                                 SYS_read equ 0
    36                                 SYS_write equ 1
    37                                 SYS_open equ 2
    38                                 SYS_close equ 3
    39                                 SYS_fork equ 57
    40                                 SYS_exit equ 60
    41                                 SYS_creat equ 85
    42                                 SYS_time equ 201
    43                                 
    44                                 
    45                                 
    46                                 
    47 00000000 0100000000000000       currentIndex dq 1
    48 00000008 0000000000000000       myLock dq 0
    49                                 
    50                                 
    51                                 
    52                                 
    53 00000010 202E2E2E5468726561-    msgThread1 db " ...Thread starting...", LF, NULL
    54 00000010 64207374617274696E-
    55 00000010 672E2E2E0A00       
    56                                 
    57                                 
    58                                 
    59                                 
    60                                 THREAD_MIN equ 1
    61                                 THREAD_MAX equ 8
    62                                 LIMIT_MIN equ 10
    63                                 LIMIT_MAX equ 4000000000
    64                                 
    65 00000028 55736167653A202E2F-    errUsage db "Usage: ./smithNums -t <senaryNumber> ",
    66 00000028 736D6974684E756D73-
    67 00000028 202D74203C73656E61-
    68 00000028 72794E756D6265723E-
    69 00000028 20                 
    70 0000004D 2D6C203C73656E6172-     db "-l <senaryNumber>", LF, NULL
    71 0000004D 794E756D6265723E0A-
    72 0000004D 00                 
    73 00000060 4572726F722C20696E-    errOptions db "Error, invalid command line options."
    74 00000060 76616C696420636F6D-
    75 00000060 6D616E64206C696E65-
    76 00000060 206F7074696F6E732E 
    77 00000084 0A00                    db LF, NULL
    78 00000086 4572726F722C20696E-    errLSpec db "Error, invalid limit specifier."
    79 00000086 76616C6964206C696D-
    80 00000086 697420737065636966-
    81 00000086 6965722E           
    82 000000A5 0A00                    db LF, NULL
    83 000000A7 4572726F722C20696E-    errLValue db "Error, invalid limit value."
    84 000000A7 76616C6964206C696D-
    85 000000A7 69742076616C75652E 
    86 000000C2 0A00                    db LF, NULL
    87 000000C4 4572726F722C206C69-    errLRange db "Error, limit out of range."
    88 000000C4 6D6974206F7574206F-
    89 000000C4 662072616E67652E   
    90 000000DE 0A00                    db LF, NULL
    91 000000E0 4572726F722C20696E-    errTSpec db "Error, invalid thread count specifier."
    92 000000E0 76616C696420746872-
    93 000000E0 65616420636F756E74-
    94 000000E0 207370656369666965-
    95 000000E0 722E               
    96 00000106 0A00                    db LF, NULL
    97 00000108 4572726F722C20696E-    errTValue db "Error, invalid thread count value."
    98 00000108 76616C696420746872-
    99 00000108 65616420636F756E74-
   100 00000108 2076616C75652E     
   101 0000012A 0A00                    db LF, NULL
   102 0000012C 4572726F722C207468-    errTRange db "Error, thread count out of range."
   103 0000012C 7265616420636F756E-
   104 0000012C 74206F7574206F6620-
   105 0000012C 72616E67652E       
   106 0000014D 0A00                    db LF, NULL
   107                                 
   108                                 
   109                                 
   110                                 
   111 0000014F 0600000000000000       qSix dq 6
   112 00000157 0A00000000000000       qTen dq 10
   113 0000015F 0000000000000000       tmpNum dq 0
   114                                 
   115                                 
   116                                 
   117                                 
   118                                 [section .text]
   119                                 
   120                                 
   121                                 
   122                                 
   123                                 
   124                                 
   125                                 
   126                                 
   127                                 
   128                                 
   129                                 
   130                                 
   131                                 
   132                                 
   133                                 
   134                                 
   135                                 
   136                                 
   137                                 
   138                                 
   139                                 
   140                                 
   141                                 
   142                                 
   143                                 
   144                                 
   145                                 
   146                                 
   147                                 
   148                                 
   149                                 [global getArgs]
   150                                 getArgs:
   151                                 
   152 00000000 53                     push rbx
   153 00000001 4154                   push r12
   154 00000003 4155                   push r13
   155 00000005 4156                   push r14
   156 00000007 4157                   push r15
   157                                 
   158 00000009 4883FF01               cmp rdi, 1
   159 0000000D 0F8401010000           je usageErr
   160                                 
   161 00000013 4883FF01               cmp rdi, 1
   162 00000017 0F82DF000000           jb clERR
   163                                 
   164 0000001D 4883FF05               cmp rdi, 5
   165 00000021 0F87D5000000           ja clERR
   166                                 
   167 00000027 49C7C401000000         mov r12, 1
   168 0000002E 49C7C500000000         mov r13, 0
   169 00000035 4E8B3CE6               mov r15, qword [rsi + r12 * 8]
   170 00000039 438A042F               mov al, byte [r15 + r13]
   171 0000003D 3C2D                   cmp al, "-"
   172 0000003F 0F854D010000           jne threadSpecErr
   173 00000045 49FFC5                 inc r13
   174 00000048 438A042F               mov al, byte [r15 + r13]
   175 0000004C 3C74                   cmp al, "t"
   176 0000004E 0F853E010000           jne threadSpecErr
   177 00000054 49FFC5                 inc r13
   178 00000057 438A042F               mov al, byte [r15 + r13]
   179 0000005B 3C00                   cmp al, NULL
   180 0000005D 0F852F010000           jne threadSpecErr
   181                                 
   182 00000063 49FFC4                 inc r12
   183 00000066 57                     push rdi
   184 00000067 56                     push rsi
   185 00000068 4A8B3CE6               mov rdi, qword [rsi + r12 * 8]
   186 0000006C 4889D6                 mov rsi, rdx
   187 0000006F E83E010000             call aSenary2int
   188 00000074 5E                     pop rsi
   189 00000075 5F                     pop rdi
   190                                 
   191 00000076 4883F800               cmp rax, FALSE
   192 0000007A 0F84FD000000           je threadValueErr
   193 00000080 8B02                   mov eax, dword [rdx]
   194 00000082 83F801                 cmp eax, THREAD_MIN
   195 00000085 0F829E000000           jb threadRangeErr
   196 0000008B 83F808                 cmp eax, THREAD_MAX
   197 0000008E 0F8795000000           ja threadRangeErr
   198                                 
   199 00000094 49C7C500000000         mov r13, 0
   200 0000009B 49FFC4                 inc r12
   201 0000009E 4E8B3CE6               mov r15, qword [rsi + r12 * 8]
   202 000000A2 438A042F               mov al, byte [r15 + r13]
   203 000000A6 3C2D                   cmp al, "-"
   204 000000A8 0F85BA000000           jne limitSpecErr
   205 000000AE 49FFC5                 inc r13
   206 000000B1 438A042F               mov al, byte [r15 + r13]
   207 000000B5 3C6C                   cmp al, "l"
   208 000000B7 0F85AB000000           jne limitSpecErr
   209 000000BD 49FFC5                 inc r13
   210 000000C0 438A042F               mov al, byte [r15 + r13]
   211 000000C4 3C00                   cmp al, NULL
   212 000000C6 0F859C000000           jne limitSpecErr
   213                                 
   214 000000CC 49FFC4                 inc r12
   215 000000CF 57                     push rdi
   216 000000D0 56                     push rsi
   217 000000D1 4A8B3CE6               mov rdi, qword [rsi + r12 * 8]
   218 000000D5 4889CE                 mov rsi, rcx
   219 000000D8 E8D5000000             call aSenary2int
   220 000000DD 5E                     pop rsi
   221 000000DE 5F                     pop rdi
   222 000000DF 4883F800               cmp rax, FALSE
   223 000000E3 7472                   je limitValueErr
   224                                 
   225 000000E5 488B01                 mov rax, qword [rcx]
   226 000000E8 4883F80A               cmp rax, LIMIT_MIN
   227 000000EC 7254                   jb limitRangeErr
   228                                 
   229 000000EE 483D00286BEE           cmp rax, LIMIT_MAX
   230 000000F4 774C                   ja limitRangeErr
   231                                 
   232 000000F6 48C7C001000000         mov rax, TRUE
   233 000000FD E9A6000000             jmp done
   234                                 
   235                                 clERR:
   236 00000102 48C7C7[00000000]       mov rdi, errOptions
   237 00000109 E8C4020000             call printString
   238 0000010E 48C7C000000000         mov rax, FALSE
   239 00000115 E98E000000             jmp done
   240                                 
   241                                 usageErr:
   242 0000011A 48C7C7[00000000]       mov rdi, errUsage
   243 00000121 E8AC020000             call printString
   244 00000126 48C7C000000000         mov rax, FALSE
   245 0000012D EB7C                   jmp done
   246                                 
   247                                 threadRangeErr:
   248 0000012F 48C7C7[00000000]       mov rdi, errTRange
   249 00000136 E897020000             call printString
   250 0000013B 48C7C000000000         mov rax, FALSE
   251 00000142 EB67                   jmp done
   252                                 
   253                                 limitRangeErr:
   254 00000144 48C7C7[00000000]       mov rdi, errLRange
   255 0000014B E882020000             call printString
   256 00000150 48C7C000000000         mov rax, FALSE
   257 00000157 EB52                   jmp done
   258                                 
   259                                 limitValueErr:
   260 00000159 48C7C7[00000000]       mov rdi, errLValue
   261 00000160 E86D020000             call printString
   262 00000165 48C7C000000000         mov rax, FALSE
   263 0000016C EB3D                   jmp done
   264                                 
   265                                 limitSpecErr:
   266 0000016E 48C7C7[00000000]       mov rdi, errLSpec
   267 00000175 E858020000             call printString
   268 0000017A 48C7C000000000         mov rax, FALSE
   269 00000181 EB28                   jmp done
   270                                 
   271                                 threadValueErr:
   272 00000183 48C7C7[00000000]       mov rdi, errTValue
   273 0000018A E843020000             call printString
   274 0000018F 48C7C000000000         mov rax, FALSE
   275 00000196 EB13                   jmp done
   276                                 
   277                                 threadSpecErr:
   278 00000198 48C7C7[00000000]       mov rdi, errTSpec
   279 0000019F E82E020000             call printString
   280 000001A4 48C7C000000000         mov rax, FALSE
   281 000001AB EBFE                   jmp done
   282                                 
   283                                 done:
   284 000001AD 415F                   pop r15
   285 000001AF 415E                   pop r14
   286 000001B1 415D                   pop r13
   287 000001B3 415C                   pop r12
   288 000001B5 5B                     pop rbx
   289                                 
   290 000001B6 C3                     ret
   291                                 
   292                                 
   293                                 
   294                                 
   295                                 
   296                                 
   297                                 
   298                                 
   299                                 
   300                                 
   301                                 
   302                                 [global aSenary2int]
   303                                 aSenary2int:
   304                                 
   305 000001B7 53                     push rbx
   306 000001B8 4153                   push r11
   307 000001BA 4154                   push r12
   308 000001BC 4155                   push r13
   309 000001BE 4156                   push r14
   310                                 
   311 000001C0 49C7C300000000         mov r11, 0
   312                                 countPos:
   313 000001C7 428A041F               mov al, byte [rdi + r11]
   314 000001CB 49FFC3                 inc r11
   315 000001CE 3C00                   cmp al, NULL
   316 000001D0 75F3                   jne countPos
   317 000001D2 49FFCB                 dec r11
   318                                 
   319 000001D5 49C7C400000000         mov r12, 0
   320 000001DC 4D89DD                 mov r13, r11
   321 000001DF 49FFCD                 dec r13
   322 000001E2 48C7C306000000         mov rbx, 6
   323 000001E9 49C7C600000000         mov r14, 0
   324                                 
   325                                 toDigit:
   326 000001F0 4A0FB60427             movzx rax, byte [rdi + r12]
   327                                 
   328 000001F5 3C30                   cmp al, "0"
   329 000001F7 7252                   jb valueErr
   330                                 
   331 000001F9 3C39                   cmp al, "9"
   332 000001FB 774E                   ja valueErr
   333                                 
   334 000001FD 2C30                   sub al, 48
   335                                 
   336 000001FF 4983FD00               cmp r13, 0
   337 00000203 7500                   jne exp
   338 00000205 EB09                   jmp continue
   339                                 
   340                                 exp:
   341 00000207 F7E3                   mul ebx
   342 00000209 49FFCD                 dec r13
   343 0000020C 4983FD00               cmp r13, 0
   344 00000210 75F3                   jne exp
   345                                 
   346                                 continue:
   347 00000212 4901C6                 add r14, rax
   348                                 
   349 00000215 49FFC4                 inc r12
   350 00000218 49FFCB                 dec r11
   351 0000021B 4D89DD                 mov r13, r11
   352 0000021E 49FFCD                 dec r13
   353 00000221 4983FB00               cmp r11, 0
   354 00000225 75C7                   jne toDigit
   355                                 
   356 00000227 4983FE00               cmp r14, 0
   357 0000022B 761E                   jbe valueErr
   358                                 
   359 0000022D 4983FE0A               cmp r14, 10
   360 00000231 7200                   jb returnDword
   361 00000233 EB0A                   jmp returnQword
   362                                 
   363                                 returnDword:
   364 00000235 448936                 mov dword [rsi], r14d
   365 00000238 48C7C001000000         mov rax, TRUE
   366 0000023F EB13                   jmp done2
   367                                 
   368                                 returnQword:
   369 00000241 4C8936                 mov qword [rsi], r14
   370 00000244 48C7C001000000         mov rax, TRUE
   371 0000024B EB07                   jmp done2
   372                                 
   373                                 valueErr:
   374 0000024D 48C7C000000000         mov rax, FALSE
   375 00000254 EBFE                   jmp done2
   376                                 
   377                                 done2:
   378 00000256 415E                   pop r14
   379 00000258 415D                   pop r13
   380 0000025A 415C                   pop r12
   381 0000025C 415B                   pop r11
   382 0000025E 5B                     pop rbx
   383                                 
   384 0000025F C3                     ret
   385                                 
   386                                 
   387                                 
   388                                 
   389                                 
   390                                 
   391                                 
   392                                 
   393                                 
   394                                 
   395                                 
   396                                 
   397                                 
   398                                 
   399                                 
   400                                 [common userLimit 1:8]
   401                                 [common smithNumberCount 1:8]
   402                                 
   403                                 [global findSmithNumberCount]
   404                                 findSmithNumberCount:
   405                                 
   406                                 
   407                                 
   408                                 
   409                                 
   410                                 
   411                                 
   412                                 
   413                                 
   414 00000260 53                     push rbx
   415 00000261 4154                   push r12
   416 00000263 4155                   push r13
   417                                 
   418 00000265 4C8B2C25[00000000]     mov r13, qword [userLimit]
   419                                 
   420 0000026D 48C7C7[00000000]       mov rdi, msgThread1
   421 00000274 E859010000             call printString
   422                                 
   423                                 SNLOOP:
   424 00000279 E82E010000             call spinLock
   425 0000027E 488B1C25[00000000]     mov rbx, qword [currentIndex]
   426 00000286 48FF0425[00000000]     inc qword [currentIndex]
   427 0000028E E82F010000             call spinUnlock
   428                                 
   429 00000293 4C392C25[00000000]     cmp qword [currentIndex], r13
   430 0000029B 7600                   jbe SNLOOPBODY
   431 0000029D EB2F                   jmp SNLOOPEND
   432                                 
   433                                 SNLOOPBODY:
   434 0000029F 4889DF                 mov rdi, rbx
   435 000002A2 E82A000000             call isPrime
   436 000002A7 4883F801               cmp rax, TRUE
   437 000002AB 741F                   je notSN
   438                                 
   439 000002AD 4889DF                 mov rdi, rbx
   440 000002B0 E88F000000             call findSumPrimeFactors
   441 000002B5 4989C4                 mov r12, rax
   442                                 
   443 000002B8 4889DF                 mov rdi, rbx
   444 000002BB E857000000             call findSumOfDigits
   445 000002C0 4C39E0                 cmp rax, r12
   446 000002C3 7507                   jne notSN
   447                                 
   448 000002C5 F048FF0425[00000000]     lock inc qword [smithNumberCount]
   449                                 
   450                                 notSN:
   451 000002CE EBA7                   jmp SNLOOP
   452                                 
   453                                 SNLOOPEND:
   454 000002D0 415D                   pop r13
   455 000002D2 415C                   pop r12
   456 000002D4 5B                     pop rbx
   457                                 
   458 000002D5 C3                     ret
   459                                 
   460                                 
   461                                 
   462                                 
   463                                 
   464                                 
   465                                 
   466                                 
   467                                 
   468                                 
   469                                 
   470                                 
   471                                 
   472                                 
   473                                 
   474                                 
   475                                 
   476                                 
   477                                 
   478                                 
   479                                 [global isPrime]
   480                                 isPrime:
   481                                 
   482 000002D6 53                     push rbx
   483 000002D7 4154                   push r12
   484 000002D9 4155                   push r13
   485                                 
   486 000002DB 4883FF01               cmp rdi, 1
   487 000002DF 762C                   jbe returnFalse
   488                                 
   489                                 
   490 000002E1 49C7C402000000         mov r12, 2
   491 000002E8 4989FD                 mov r13, rdi
   492 000002EB 49D1ED                 shr r13, 1
   493                                 
   494                                 isPrimeLoop:
   495 000002EE 4D39EC                 cmp r12, r13
   496 000002F1 7711                   ja returnTrue
   497 000002F3 4889F8                 mov rax, rdi
   498 000002F6 4899                   cqo
   499 000002F8 41F7F4                 div r12d
   500 000002FB 49FFC4                 inc r12
   501 000002FE 4883FA00               cmp rdx, 0
   502 00000302 7409                   je returnFalse
   503 00000304 EBE6                   jmp isPrimeLoop
   504                                 
   505                                 returnTrue:
   506 00000306 48C7C001000000         mov rax, TRUE
   507 0000030D EB05                   jmp isPrimeComplete
   508                                 
   509                                 returnFalse:
   510 0000030F 48C7C000000000         mov rax, FALSE
   511                                 
   512                                 isPrimeComplete:
   513 00000316 415D                   pop r13
   514 00000318 415C                   pop r12
   515 0000031A 5B                     pop rbx
   516                                 
   517 0000031B C3                     ret
   518                                 
   519                                 
   520                                 
   521                                 
   522                                 
   523                                 
   524                                 
   525                                 
   526                                 
   527                                 
   528                                 
   529                                 
   530                                 
   531                                 
   532                                 
   533                                 
   534                                 
   535                                 
   536                                 [global findSumOfDigits]
   537                                 findSumOfDigits:
   538                                 
   539 0000031C 53                     push rbx
   540 0000031D 4154                   push r12
   541                                 
   542 0000031F 49C7C400000000         mov r12, 0
   543                                 
   544                                 sumWhileLoop:
   545 00000326 4883FF00               cmp rdi, 0
   546 0000032A 7700                   ja calculateSum
   547 0000032C EB12                   jmp sumCalculated
   548                                 calculateSum:
   549 0000032E 4889F8                 mov rax, rdi
   550 00000331 4899                   cqo
   551 00000333 F73425[00000000]       div dword [qTen]
   552 0000033A 4901D4                 add r12, rdx
   553 0000033D 4889C7                 mov rdi, rax
   554 00000340 EBE2                   jmp sumWhileLoop
   555                                 sumCalculated:
   556 00000342 4C89E0                 mov rax, r12
   557                                 
   558 00000345 415C                   pop r12
   559 00000347 5B                     pop rbx
   560                                 
   561 00000348 C3                     ret
   562                                 
   563                                 
   564                                 
   565                                 
   566                                 
   567                                 
   568                                 
   569                                 
   570                                 
   571                                 
   572                                 
   573                                 
   574                                 
   575                                 
   576                                 
   577                                 
   578                                 
   579                                 
   580                                 
   581                                 
   582                                 
   583                                 
   584                                 
   585                                 
   586                                 
   587                                 [global findSumPrimeFactors]
   588                                 findSumPrimeFactors:
   589 00000349 53                      push rbx
   590 0000034A 4154                    push r12
   591 0000034C 4155                    push r13
   592                                 
   593 0000034E 4889FB                  mov rbx, rdi
   594 00000351 49C7C402000000          mov r12, 2
   595 00000358 49C7C500000000          mov r13, 0
   596                                 
   597                                 
   598                                 primeFactorsLoop:
   599 0000035F 4883FB01                cmp rbx, 1
   600 00000363 7E41                    jle primeFactorsDone
   601                                 
   602                                 
   603 00000365 4889D8                  mov rax, rbx
   604 00000368 48C7C200000000          mov rdx, 0
   605 0000036F 49F7F4                  div r12
   606 00000372 4883FA00                cmp rdx, 0
   607 00000376 751B                    jne notDivisible
   608                                 
   609                                 primeDigitsLoop:
   610 00000378 4C89E7                  mov rdi, r12
   611 0000037B E897FFFFFF              call findSumOfDigits
   612 00000380 4901C5                  add r13, rax
   613                                 
   614                                 
   615 00000383 4889D8                  mov rax, rbx
   616 00000386 48C7C200000000          mov rdx, 0
   617 0000038D 49F7F4                  div r12
   618 00000390 4889C3                  mov rbx, rax
   619 00000393 EB0F                    jmp primeIfDone
   620                                 
   621                                 notDivisible:
   622                                 
   623 00000395 49FFC4                  inc r12
   624 00000398 4C89E7                  mov rdi, r12
   625 0000039B E831FFFFFF              call isPrime
   626 000003A0 4883F801                cmp rax, TRUE
   627 000003A4 75ED                    jne notDivisible
   628                                 
   629                                 primeIfDone:
   630 000003A6 EBB5                    jmp primeFactorsLoop
   631                                 
   632                                 primeFactorsDone:
   633 000003A8 4C89E8                  mov rax, r13
   634                                 
   635 000003AB 415D                    pop r13
   636 000003AD 415C                    pop r12
   637 000003AF 5B                      pop rbx
   638 000003B0 C3                      ret
   639                                 
   640                                 
   641                                 
   642                                 
   643                                 
   644                                 
   645                                 
   646                                 [global spinLock1]
   647                                 spinLock:
   648 000003B1 48C7C001000000          mov rax, 1
   649                                 
   650 000003B8 F048870425[00000000]     lock xchg rax, qword [myLock]
   651                                 
   652                                 
   653                                 
   654                                 
   655 000003C1 4885C0                  test rax, rax
   656                                 
   657                                 
   658                                 
   659                                 
   660                                 
   661 000003C4 75E9                    jnz spinLock
   662                                 
   663                                 
   664 000003C6 C3                      ret
   665                                 
   666                                 
   667                                 
   668                                 
   669                                 
   670                                 [global spinUnlock]
   671                                 spinUnlock:
   672 000003C7 48C7C000000000          mov rax, 0
   673                                 
   674 000003CE 48870425[00000000]      xchg rax, qword [myLock]
   675                                 
   676 000003D6 C3                      ret
   677                                 
   678                                 
   679                                 
   680                                 
   681                                 
   682                                 
   683                                 
   684                                 
   685                                 
   686                                 
   687                                 
   688                                 
   689                                 
   690                                 [global printString]
   691                                 printString:
   692                                 
   693                                 
   694                                 
   695                                 
   696 000003D7 48C7C200000000          mov rdx, 0
   697                                 strCountLoop:
   698 000003DE 803C1700                cmp byte [rdi+rdx], NULL
   699 000003E2 7403                    je strCountLoopDone
   700 000003E4 48FFC2                  inc rdx
   701 000003E7 EBF3                    jmp strCountLoop
   702                                 strCountLoopDone:
   703 000003E9 4883FA00                cmp rdx, 0
   704 000003ED 7411                    je printStringDone
   705                                 
   706                                 
   707                                 
   708                                 
   709 000003EF 48C7C001000000          mov rax, SYS_write
   710 000003F6 4889FE                  mov rsi, rdi
   711 000003F9 48C7C701000000          mov rdi, STDOUT
   712                                 
   713 00000400 0F05                    syscall
   714                                 
   715                                 
   716                                 
   717                                 
   718                                 printStringDone:
   719 00000402 C3                      ret
   720                                 
   721                                 
   722                                 
