     1                                 %line 1+1 a10procs.asm
     2                                 
     3                                 
     4                                 
     5                                 
     6                                 
     7                                 
     8                                 
     9                                 
    10                                 
    11                                 
    12                                 
    13                                 
    14                                 
    15                                 
    16                                 
    17                                 
    18                                 
    19                                 
    20                                 
    21                                 
    22                                 [section .data]
    23                                 
    24                                 
    25                                 
    26                                 
    27                                 TRUE equ 1
    28                                 FALSE equ 0
    29                                 
    30                                 SUCCESS equ 0
    31                                 NOSUCCESS equ 1
    32                                 
    33                                 STDIN equ 0
    34                                 STDOUT equ 1
    35                                 STDERR equ 2
    36                                 
    37                                 SYS_read equ 0
    38                                 SYS_write equ 1
    39                                 SYS_open equ 2
    40                                 SYS_close equ 3
    41                                 SYS_fork equ 57
    42                                 SYS_exit equ 60
    43                                 SYS_creat equ 85
    44                                 SYS_time equ 201
    45                                 
    46                                 LF equ 10
    47                                 SPACE equ " "
    48                                 NULL equ 0
    49                                 ESC equ 27
    50                                 
    51                                 
    52                                 
    53                                 
    54                                 GL_COLOR_BUFFER_BIT equ 16384
    55                                 GL_POINTS equ 0
    56                                 GL_POLYGON equ 9
    57                                 GL_PROJECTION equ 5889
    58                                 
    59                                 GLUT_RGB equ 0
    60                                 GLUT_SINGLE equ 0
    61                                 
    62                                 
    63                                 
    64                                 
    65                                 R1_MIN equ 0
    66                                 R1_MAX equ 250
    67                                 
    68                                 R2_MIN equ 1
    69                                 R2_MAX equ 250
    70                                 
    71                                 OP_MIN equ 1
    72                                 OP_MAX equ 250
    73                                 
    74                                 SP_MIN equ 1
    75                                 SP_MAX equ 100
    76                                 
    77                                 X_OFFSET equ 320
    78                                 Y_OFFSET equ 240
    79                                 
    80                                 
    81                                 
    82                                 
    83 00000000 55736167653A20202E-    errUsage db "Usage:  ./spiro -r1 <senary number> "
    84 00000000 2F737069726F202D72-
    85 00000000 31203C73656E617279-
    86 00000000 206E756D6265723E20 
    87 00000024 2D7232203C73656E61-     db "-r2 <senary number> -op <senary number> "
    88 00000024 7279206E756D626572-
    89 00000024 3E202D6F70203C7365-
    90 00000024 6E617279206E756D62-
    91 00000024 65723E20           
    92 0000004C 2D7370203C73656E61-     db "-sp <senary number> -cl <b/g/r/y/p/w>"
    93 0000004C 7279206E756D626572-
    94 0000004C 3E202D636C203C622F-
    95 0000004C 672F722F792F702F77-
    96 0000004C 3E                 
    97 00000071 0A00                    db LF, NULL
    98 00000073 4572726F722C20696E-    errBadCL db "Error, invalid or incomplete command line arguments."
    99 00000073 76616C6964206F7220-
   100 00000073 696E636F6D706C6574-
   101 00000073 6520636F6D6D616E64-
   102 00000073 206C696E6520617267-
   103 00000073 756D656E74732E     
   104 000000A7 0A00                    db LF, NULL
   105                                 
   106 000000A9 4572726F722C207261-    errR1sp db "Error, radius 1 specifier incorrect."
   107 000000A9 646975732031207370-
   108 000000A9 656369666965722069-
   109 000000A9 6E636F72726563742E 
   110 000000CD 0A00                    db LF, NULL
   111 000000CF 4572726F722C207261-    errR1value db "Error, radius 1 value must be between 0 and 1054(6)."
   112 000000CF 646975732031207661-
   113 000000CF 6C7565206D75737420-
   114 000000CF 626520626574776565-
   115 000000CF 6E203020616E642031-
   116 000000CF 3035342836292E     
   117 00000103 0A00                    db LF, NULL
   118                                 
   119 00000105 4572726F722C207261-    errR2sp db "Error, radius 2 specifier incorrect."
   120 00000105 646975732032207370-
   121 00000105 656369666965722069-
   122 00000105 6E636F72726563742E 
   123 00000129 0A00                    db LF, NULL
   124 0000012B 4572726F722C207261-    errR2value db "Error, radius 2 value must be between 1 and 1054(6)."
   125 0000012B 646975732032207661-
   126 0000012B 6C7565206D75737420-
   127 0000012B 626520626574776565-
   128 0000012B 6E203120616E642031-
   129 0000012B 3035342836292E     
   130 0000015F 0A00                    db LF, NULL
   131                                 
   132 00000161 4572726F722C206F66-    errOPsp db "Error, offset position specifier incorrect."
   133 00000161 6673657420706F7369-
   134 00000161 74696F6E2073706563-
   135 00000161 696669657220696E63-
   136 00000161 6F72726563742E     
   137 0000018C 0A00                    db LF, NULL
   138 0000018E 4572726F722C206F66-    errOPvalue db "Error, offset position value must be between 1 and 1054(6)."
   139 0000018E 6673657420706F7369-
   140 0000018E 74696F6E2076616C75-
   141 0000018E 65206D757374206265-
   142 0000018E 206265747765656E20-
   143 0000018E 3120616E6420313035-
   144 0000018E 342836292E         
   145 000001C9 0A00                    db LF, NULL
   146                                 
   147 000001CB 4572726F722C207370-    errSPsp db "Error, speed specifier incorrect."
   148 000001CB 656564207370656369-
   149 000001CB 6669657220696E636F-
   150 000001CB 72726563742E       
   151 000001EC 0A00                    db LF, NULL
   152 000001EE 4572726F722C207370-    errSPvalue db "Error, speed value must be between 1 and 244(6)."
   153 000001EE 6565642076616C7565-
   154 000001EE 206D75737420626520-
   155 000001EE 6265747765656E2031-
   156 000001EE 20616E642032343428-
   157 000001EE 36292E             
   158 0000021E 0A00                    db LF, NULL
   159                                 
   160 00000220 4572726F722C20636F-    errCLsp db "Error, color specifier incorrect."
   161 00000220 6C6F72207370656369-
   162 00000220 6669657220696E636F-
   163 00000220 72726563742E       
   164 00000241 0A00                    db LF, NULL
   165 00000243 4572726F722C20636F-    errCLvalue db "Error, color value must be b, g, r, p, or w. "
   166 00000243 6C6F722076616C7565-
   167 00000243 206D75737420626520-
   168 00000243 622C20672C20722C20-
   169 00000243 702C206F7220772E20 
   170 00000270 0A00                    db LF, NULL
   171                                 
   172                                 
   173                                 
   174                                 
   175 00000272 0000803F               fltOne dd 1.0
   176 00000276 00000000               fltZero dd 0.0
   177 0000027A 00000000               fltTmp1 dd 0.0
   178 0000027E 00000000               fltTmp2 dd 0.0
   179                                 
   180 00000282 00000000               t dd 0.0
   181 00000286 0000803F               s dd 1.0
   182 0000028A 0AD7A33B               tStep dd 0.005
   183 0000028E 00000000               sStep dd 0.0
   184 00000292 00000000               x dd 0
   185 00000296 00000000               y dd 0
   186                                 
   187 0000029A 00000000               r1 dd 0.0
   188 0000029E 00000000               r2 dd 0.0
   189 000002A2 00000000               ofp dd 0.0
   190 000002A6 00000000               radii dd 0.0
   191                                 
   192 000002AA 00409C45               scale dd 5000.0
   193 000002AE 0000B443               limit dd 360.0
   194 000002B2 00000000               iterations dd 0
   195                                 
   196 000002B6 00                     red db 0
   197 000002B7 00                     green db 0
   198 000002B8 00                     blue db 0
   199                                 
   200                                 
   201                                 
   202                                 [section .text]
   203                                 
   204                                 
   205                                 
   206                                 
   207                                 [extern glutInit]
   208                                 %line 149+0 a10procs.asm
   209                                 [extern glutInitDisplayMode]
   210                                 [extern glutInitWindowSize]
   211                                 [extern glutInitWindowPosition]
   212                                 %line 150+1 a10procs.asm
   213                                 [extern glutCreateWindow]
   214                                 %line 150+0 a10procs.asm
   215                                 [extern glutMainLoop]
   216                                 %line 151+1 a10procs.asm
   217                                 [extern glutDisplayFunc]
   218                                 %line 151+0 a10procs.asm
   219                                 [extern glutIdleFunc]
   220                                 [extern glutReshapeFunc]
   221                                 [extern glutKeyboardFunc]
   222                                 %line 152+1 a10procs.asm
   223                                 [extern glutSwapBuffers]
   224                                 %line 152+0 a10procs.asm
   225                                 [extern gluPerspective]
   226                                 [extern glutPostRedisplay]
   227                                 %line 153+1 a10procs.asm
   228                                 [extern glClearColor]
   229                                 %line 153+0 a10procs.asm
   230                                 [extern glClearDepth]
   231                                 [extern glDepthFunc]
   232                                 [extern glEnable]
   233                                 [extern glShadeModel]
   234                                 %line 154+1 a10procs.asm
   235                                 [extern glClear]
   236                                 %line 154+0 a10procs.asm
   237                                 [extern glLoadIdentity]
   238                                 [extern glMatrixMode]
   239                                 [extern glViewport]
   240                                 %line 155+1 a10procs.asm
   241                                 [extern glTranslatef]
   242                                 %line 155+0 a10procs.asm
   243                                 [extern glRotatef]
   244                                 [extern glBegin]
   245                                 [extern glEnd]
   246                                 [extern glVertex3f]
   247                                 [extern glColor3f]
   248                                 %line 156+1 a10procs.asm
   249                                 [extern glVertex2f]
   250                                 %line 156+0 a10procs.asm
   251                                 [extern glVertex2i]
   252                                 [extern glColor3ub]
   253                                 [extern glOrtho]
   254                                 [extern glFlush]
   255                                 [extern glVertex2d]
   256                                 %line 157+1 a10procs.asm
   257                                 
   258                                 [extern cosf]
   259                                 %line 158+0 a10procs.asm
   260                                 [extern sinf]
   261                                 %line 159+1 a10procs.asm
   262                                 
   263                                 
   264                                 
   265                                 
   266                                 
   267                                 
   268                                 
   269                                 
   270                                 
   271                                 
   272                                 
   273                                 
   274                                 
   275                                 
   276                                 
   277                                 
   278                                 
   279                                 
   280                                 
   281                                 
   282                                 
   283                                 
   284                                 
   285                                 
   286                                 
   287                                 
   288                                 
   289                                 
   290                                 
   291                                 
   292                                 [global getRadii]
   293                                 getRadii:
   294                                 
   295 00000000 55                     push rbp
   296 00000001 4889E5                 mov rbp, rsp
   297 00000004 53                     push rbx
   298 00000005 4152                   push r10
   299 00000007 4153                   push r11
   300 00000009 4154                   push r12
   301 0000000B 4155                   push r13
   302 0000000D 4156                   push r14
   303 0000000F 4157                   push r15
   304                                 
   305                                 
   306                                 
   307 00000011 49C7C401000000         mov r12, 1
   308 00000018 49C7C200000000         mov r10, 0
   309                                 
   310                                 
   311                                 
   312 0000001F 4E8B3CE6               mov r15, qword [rsi + r12 * 8]
   313 00000023 438A0417               mov al, byte [r15 + r10]
   314 00000027 3C2D                   cmp al, 45
   315 00000029 0F858A020000           jne r1InvalidSpec
   316 0000002F 49FFC2                 inc r10
   317 00000032 438A0417               mov al, byte [r15 + r10]
   318 00000036 3C72                   cmp al, 114
   319 00000038 0F857B020000           jne r1InvalidSpec
   320 0000003E 49FFC2                 inc r10
   321 00000041 438A0417               mov al, byte [r15 + r10]
   322 00000045 3C31                   cmp al, 49
   323 00000047 0F856C020000           jne r1InvalidSpec
   324                                 
   325                                 
   326 0000004D 49C7C200000000         mov r10, 0
   327 00000054 49FFC4                 inc r12
   328 00000057 57                     push rdi
   329 00000058 4A8B3CE6               mov rdi, qword [rsi + r12 * 8]
   330 0000005C E867040000             call StringToNum
   331 00000061 5F                     pop rdi
   332                                 
   333 00000062 83F800                 cmp eax, R1_MIN
   334 00000065 0F823B020000           jb r1InvalidValue
   335                                 
   336 0000006B 3DFA000000             cmp eax, R1_MAX
   337 00000070 0F8730020000           ja r1InvalidValue
   338                                 
   339 00000076 8902                   mov dword [rdx], eax
   340                                 
   341                                 
   342 00000078 49C7C200000000         mov r10, 0
   343 0000007F 49FFC4                 inc r12
   344 00000082 4E8B3CE6               mov r15, qword [rsi + r12 * 8]
   345 00000086 438A0417               mov al, byte [r15 + r10]
   346 0000008A 3C2D                   cmp al, 45
   347 0000008C 0F8501020000           jne r2InvalidSpec
   348 00000092 49FFC2                 inc r10
   349 00000095 438A0417               mov al, byte [r15 + r10]
   350 00000099 3C72                   cmp al, 114
   351 0000009B 0F85F2010000           jne r2InvalidSpec
   352 000000A1 49FFC2                 inc r10
   353 000000A4 438A0417               mov al, byte [r15 + r10]
   354 000000A8 3C32                   cmp al, 50
   355 000000AA 0F85E3010000           jne r2InvalidSpec
   356                                 
   357                                 
   358 000000B0 49C7C200000000         mov r10, 0
   359 000000B7 49FFC4                 inc r12
   360 000000BA 57                     push rdi
   361 000000BB 4A8B3CE6               mov rdi, qword [rsi + r12 * 8]
   362 000000BF E804040000             call StringToNum
   363 000000C4 5F                     pop rdi
   364                                 
   365 000000C5 83F801                 cmp eax, R2_MIN
   366 000000C8 0F82B2010000           jb r2InvalidValue
   367                                 
   368 000000CE 3DFA000000             cmp eax, R2_MAX
   369 000000D3 0F87A7010000           ja r2InvalidValue
   370                                 
   371 000000D9 8901                   mov dword [rcx], eax
   372                                 
   373                                 
   374 000000DB 49C7C200000000         mov r10, 0
   375 000000E2 49FFC4                 inc r12
   376 000000E5 4E8B3CE6               mov r15, qword [rsi + r12 * 8]
   377 000000E9 438A0417               mov al, byte [r15 + r10]
   378 000000ED 3C2D                   cmp al, 45
   379 000000EF 0F8578010000           jne opIncorrectSpec
   380 000000F5 49FFC2                 inc r10
   381 000000F8 438A0417               mov al, byte [r15 + r10]
   382 000000FC 3C6F                   cmp al, 111
   383 000000FE 0F8569010000           jne opIncorrectSpec
   384 00000104 49FFC2                 inc r10
   385 00000107 438A0417               mov al, byte [r15 + r10]
   386 0000010B 3C70                   cmp al, 112
   387 0000010D 0F855A010000           jne opIncorrectSpec
   388                                 
   389                                 
   390 00000113 49C7C200000000         mov r10, 0
   391 0000011A 49FFC4                 inc r12
   392 0000011D 57                     push rdi
   393 0000011E 4A8B3CE6               mov rdi, qword [rsi + r12 * 8]
   394 00000122 E8A1030000             call StringToNum
   395 00000127 5F                     pop rdi
   396                                 
   397 00000128 83F801                 cmp eax, OP_MIN
   398 0000012B 0F8229010000           jb opInvalidValue
   399                                 
   400 00000131 3DFA000000             cmp eax, OP_MAX
   401 00000136 0F871E010000           ja opInvalidValue
   402                                 
   403 0000013C 418900                 mov dword [r8], eax
   404                                 
   405                                 
   406 0000013F 49C7C200000000         mov r10, 0
   407 00000146 49FFC4                 inc r12
   408 00000149 4E8B3CE6               mov r15, qword [rsi + r12 * 8]
   409 0000014D 438A0417               mov al, byte [r15 + r10]
   410 00000151 3C2D                   cmp al, 45
   411 00000153 0F85EB000000           jne spIncorrectSpec
   412 00000159 49FFC2                 inc r10
   413 0000015C 438A0417               mov al, byte [r15 + r10]
   414 00000160 3C73                   cmp al, 115
   415 00000162 0F85DC000000           jne spIncorrectSpec
   416 00000168 49FFC2                 inc r10
   417 0000016B 438A0417               mov al, byte [r15 + r10]
   418 0000016F 3C70                   cmp al, 112
   419 00000171 0F85CD000000           jne spIncorrectSpec
   420                                 
   421                                 
   422 00000177 49C7C200000000         mov r10, 0
   423 0000017E 49FFC4                 inc r12
   424 00000181 57                     push rdi
   425 00000182 4A8B3CE6               mov rdi, qword [rsi + r12 * 8]
   426 00000186 E83D030000             call StringToNum
   427 0000018B 5F                     pop rdi
   428                                 
   429 0000018C 83F801                 cmp eax, SP_MIN
   430 0000018F 0F8299000000           jb spIncorrectValue
   431                                 
   432 00000195 83F864                 cmp eax, SP_MAX
   433 00000198 0F8790000000           ja spIncorrectValue
   434                                 
   435 0000019E 418901                 mov dword [r9], eax
   436                                 
   437                                 
   438 000001A1 49C7C200000000         mov r10, 0
   439 000001A8 49FFC4                 inc r12
   440 000001AB 4E8B3CE6               mov r15, qword [rsi + r12 * 8]
   441 000001AF 438A0417               mov al, byte [r15 + r10]
   442 000001B3 3C2D                   cmp al, 45
   443 000001B5 7565                   jne clIncorrectSpec
   444 000001B7 49FFC2                 inc r10
   445 000001BA 438A0417               mov al, byte [r15 + r10]
   446 000001BE 3C63                   cmp al, 99
   447 000001C0 755A                   jne clIncorrectSpec
   448 000001C2 49FFC2                 inc r10
   449 000001C5 438A0417               mov al, byte [r15 + r10]
   450 000001C9 3C6C                   cmp al, 108
   451 000001CB 754F                   jne clIncorrectSpec
   452                                 
   453                                 
   454 000001CD 49C7C200000000         mov r10, 0
   455 000001D4 49FFC4                 inc r12
   456 000001D7 4E8B3CE6               mov r15, qword [rsi + r12 * 8]
   457 000001DB 438A0417               mov al, byte [r15 + r10]
   458 000001DF 3C72                   cmp al, 114
   459 000001E1 75FE                   jne checkGreen
   460                                 
   461                                 checkGreen:
   462 000001E3 3C67                   cmp al, 103
   463 000001E5 7500                   jne checkBlue
   464 000001E7 EB10                   jmp colorSuccess
   465                                 
   466                                 checkBlue:
   467 000001E9 3C62                   cmp al, 98
   468 000001EB 7500                   jne checkPurple
   469 000001ED EB0A                   jmp colorSuccess
   470                                 
   471                                 checkPurple:
   472 000001EF 3C79                   cmp al, 121
   473 000001F1 7500                   jne checkWhite
   474 000001F3 EB04                   jmp colorSuccess
   475                                 
   476                                 checkWhite:
   477 000001F5 3C77                   cmp al, 119
   478 000001F7 750D                   jne clIncorrectValue
   479 000001F9 EBFE                   jmp colorSuccess
   480                                 
   481                                 colorSuccess:
   482 000001FB 8B4510                 mov eax, dword [rbp + 16]
   483                                 
   484                                 
   485 000001FE B801000000             mov eax, TRUE
   486 00000203 E9D8000000             jmp done
   487                                 
   488                                 clIncorrectValue:
   489 00000208 48C7C7[00000000]       mov rdi, errCLvalue
   490 0000020F E883020000             call printString
   491 00000214 B800000000             mov eax, FALSE
   492 00000219 E9C2000000             jmp done
   493                                 
   494                                 clIncorrectSpec:
   495 0000021E 48C7C7[00000000]       mov rdi, errCLsp
   496 00000225 E86D020000             call printString
   497 0000022A B800000000             mov eax, FALSE
   498 0000022F E9AC000000             jmp done
   499                                 
   500                                 spIncorrectValue:
   501 00000234 48C7C7[00000000]       mov rdi, errSPvalue
   502 0000023B E857020000             call printString
   503 00000240 B800000000             mov eax, FALSE
   504 00000245 E996000000             jmp done
   505                                 
   506                                 spIncorrectSpec:
   507 0000024A 48C7C7[00000000]       mov rdi, errSPsp
   508 00000251 E841020000             call printString
   509 00000256 B800000000             mov eax, FALSE
   510 0000025B E980000000             jmp done
   511                                 
   512                                 opInvalidValue:
   513 00000260 48C7C7[00000000]       mov rdi, errOPvalue
   514 00000267 E82B020000             call printString
   515 0000026C B800000000             mov eax, FALSE
   516 00000271 EB70                   jmp done
   517                                 
   518                                 opIncorrectSpec:
   519 00000273 48C7C7[00000000]       mov rdi, errOPsp
   520 0000027A E818020000             call printString
   521 0000027F B800000000             mov eax, FALSE
   522 00000284 EB5D                   jmp done
   523                                 
   524                                 r2InvalidValue:
   525 00000286 48C7C7[00000000]       mov rdi, errR2value
   526 0000028D E805020000             call printString
   527 00000292 B800000000             mov eax, FALSE
   528 00000297 EB4A                   jmp done
   529                                 
   530                                 r2InvalidSpec:
   531 00000299 48C7C7[00000000]       mov rdi, errR2sp
   532 000002A0 E8F2010000             call printString
   533 000002A5 B800000000             mov eax, FALSE
   534 000002AA EB37                   jmp done
   535                                 
   536                                 r1InvalidValue:
   537 000002AC 48C7C7[00000000]       mov rdi, errR1value
   538 000002B3 E8DF010000             call printString
   539 000002B8 B800000000             mov eax, FALSE
   540 000002BD EB24                   jmp done
   541                                 
   542                                 r1InvalidSpec:
   543 000002BF 48C7C7[00000000]       mov rdi, errR1sp
   544 000002C6 E8CC010000             call printString
   545 000002CB B800000000             mov eax, FALSE
   546 000002D0 EB11                   jmp done
   547                                 
   548                                 incorrectUsage:
   549 000002D2 48C7C7[00000000]       mov rdi, errUsage
   550 000002D9 E8B9010000             call printString
   551 000002DE B800000000             mov eax, FALSE
   552 000002E3 EBFE                   jmp done
   553                                 
   554                                 
   555                                 
   556                                 
   557                                 
   558                                 
   559                                 
   560                                 done:
   561                                 
   562 000002E5 415E                   pop r14
   563 000002E7 415D                   pop r13
   564 000002E9 415C                   pop r12
   565 000002EB 5D                     pop rbp
   566                                 
   567 000002EC C3                     ret
   568                                 
   569                                 
   570                                 
   571                                 
   572                                 
   573                                 
   574                                 
   575                                 
   576                                 
   577                                 
   578                                 
   579                                 
   580                                 
   581                                 
   582                                 
   583                                 
   584                                 
   585                                 
   586                                 
   587                                 
   588                                 
   589                                 
   590                                 
   591                                 
   592                                 
   593                                 
   594                                 
   595                                 
   596                                 
   597                                 
   598                                 
   599                                 
   600                                 
   601                                 
   602                                 
   603                                 
   604                                 
   605                                 
   606                                 
   607                                 
   608                                 
   609                                 
   610                                 
   611                                 
   612                                 
   613                                 
   614                                 
   615                                 
   616                                 
   617                                 
   618                                 [common radius1 1:4]
   619                                 [common radius2 1:4]
   620                                 [common offPos 1:4]
   621                                 [common speed 1:4]
   622                                 [common color 1:1]
   623                                 
   624                                 [global drawSpiro]
   625                                 drawSpiro:
   626 000002ED 4154                    push r12
   627 000002EF 4153                    push r11
   628                                 
   629                                 
   630                                 
   631                                 
   632 000002F1 48C7C700400000          mov rdi, GL_COLOR_BUFFER_BIT
   633 000002F8 E8(F6FFFFFF)            call glClear
   634                                 
   635                                 
   636 000002FD 48C7C700000000          mov rdi, GL_POINTS
   637 00000304 E8(F6FFFFFF)            call glBegin
   638                                 
   639                                 
   640                                 
   641                                 
   642                                 
   643                                 
   644                                 
   645                                 
   646                                 
   647                                 
   648                                 
   649 00000309 8A0425[00000000]       mov al, byte [color]
   650 00000310 3C72                   cmp al, 114
   651 00000312 751B                   jne setGreen
   652 00000314 C60425[00000000]FF     mov byte [red], 255
   653 0000031C C60425[00000000]00     mov byte [green], 0
   654 00000324 C60425[00000000]00     mov byte [blue], 0
   655 0000032C E98D000000             jmp colorSet
   656                                 
   657                                 setGreen:
   658 00000331 3C67                   cmp al, 103
   659 00000333 7518                   jne setBlue
   660 00000335 C60425[00000000]00     mov byte [red], 0
   661 0000033D C60425[00000000]FF     mov byte [green], 255
   662 00000345 C60425[00000000]00     mov byte [blue], 0
   663 0000034D EB72                   jmp colorSet
   664                                 
   665                                 setBlue:
   666 0000034F 3C62                   cmp al, 98
   667 00000351 7518                   jne setPurple
   668 00000353 C60425[00000000]00     mov byte [red], 0
   669 0000035B C60425[00000000]00     mov byte [green], 0
   670 00000363 C60425[00000000]FF     mov byte [blue], 255
   671 0000036B EB54                   jmp colorSet
   672                                 
   673                                 setPurple:
   674 0000036D 3C70                   cmp al, 112
   675 0000036F 7518                   jne setYellow
   676 00000371 C60425[00000000]FF     mov byte [red], 255
   677 00000379 C60425[00000000]00     mov byte [green], 0
   678 00000381 C60425[00000000]FF     mov byte [blue], 255
   679 00000389 EB36                   jmp colorSet
   680                                 
   681                                 setYellow:
   682 0000038B 3C79                   cmp al, 121
   683 0000038D 7518                   jne setWhite
   684 0000038F C60425[00000000]FF     mov byte [red], 255
   685 00000397 C60425[00000000]FF     mov byte [green], 255
   686 0000039F C60425[00000000]00     mov byte [blue], 0
   687 000003A7 EB18                   jmp colorSet
   688                                 
   689                                 
   690                                 setWhite:
   691 000003A9 C60425[00000000]FF     mov byte [red], 255
   692 000003B1 C60425[00000000]FF     mov byte [green], 255
   693 000003B9 C60425[00000000]FF     mov byte [blue], 255
   694 000003C1 EBFE                   jmp colorSet
   695                                 
   696                                 colorSet:
   697                                 
   698                                 
   699                                 
   700                                 
   701                                 
   702                                 
   703                                 
   704                                 
   705 000003C3 F30F100425[00000000]     movss xmm0, dword [limit]
   706 000003CC F30F2DC0               cvtss2si eax, xmm0
   707 000003D0 F73425[00000000]       div dword [tStep]
   708 000003D7 890425[00000000]       mov dword [iterations], eax
   709                                 
   710 000003DE 448B1C25[00000000]     mov r11d, dword [t]
   711                                 graphLoop:
   712                                 
   713 000003E6 F30F2A0C25[00000000]     cvtsi2ss xmm1, dword [radius1]
   714 000003EF F30F2A0425[00000000]     cvtsi2ss xmm0, dword [radius2]
   715 000003F8 F30F58C8               addss xmm1, xmm0
   716 000003FC F30F10D1               movss xmm2, xmm1
   717                                 
   718 00000400 57                     push rdi
   719 00000401 4C89DF                 mov rdi, r11
   720 00000404 E8(F6FFFFFF)           call cosf
   721 00000409 5F                     pop rdi
   722                                 
   723 0000040A F30F59C8               mulss xmm1, xmm0
   724 0000040E F3410F2AC3             cvtsi2ss xmm0, r11d
   725 00000413 F30F580425[00000000]     addss xmm0, dword [s]
   726 0000041C F30F2A0C25[00000000]     cvtsi2ss xmm1, dword [radius2]
   727 00000425 F30F5EC1               divss xmm0, xmm1
   728 00000429 F30F59C2               mulss xmm0, xmm2
   729 0000042D F30F10D8               movss xmm3, xmm0
   730                                 
   731 00000431 57                     push rdi
   732 00000432 F3480F2DF8             cvtss2si rdi, xmm0
   733 00000437 E8(F6FFFFFF)           call cosf
   734 0000043C 5F                     pop rdi
   735                                 
   736                                 
   737 0000043D F30F2A0C25[00000000]     cvtsi2ss xmm1, dword [offPos]
   738 00000446 F30F59C8               mulss xmm1, xmm0
   739                                 
   740                                 
   741 0000044A F30F58D9               addss xmm3, xmm1
   742 0000044E F30F111C25[00000000]     movss dword [x], xmm3
   743                                 
   744 00000457 41FFC3                 inc r11d
   745 0000045A 443B1C25[00000000]     cmp r11d, dword [iterations]
   746 00000462 7280                   jb graphLoop
   747                                 
   748                                 
   749                                 
   750                                 
   751 00000464 E8(F6FFFFFF)            call glEnd
   752 00000469 E8(F6FFFFFF)            call glFlush
   753                                 
   754                                 
   755                                 
   756                                 
   757                                 
   758                                 
   759 0000046E F30F100425[00000000]     movss xmm0, dword [speed]
   760 00000477 F30F5E0425[00000000]     divss xmm0, dword [scale]
   761 00000480 F30F580425[00000000]     addss xmm0, dword [s]
   762 00000489 F30F110425[00000000]     movss dword [s], xmm0
   763                                 
   764                                 
   765                                 
   766                                 
   767 00000492 E8(F6FFFFFF)            call glutPostRedisplay
   768                                 
   769 00000497 415B                    pop r11
   770 00000499 415C                    pop r12
   771 0000049B C3                      ret
   772                                 
   773                                 
   774                                 
   775                                 
   776                                 
   777                                 
   778                                 
   779                                 
   780                                 
   781                                 
   782                                 
   783                                 
   784                                 
   785                                 
   786                                 [global printString]
   787                                 printString:
   788                                 
   789                                 
   790                                 
   791                                 
   792 0000049C 4889FB                  mov rbx, rdi
   793 0000049F 48C7C200000000          mov rdx, 0
   794                                 strCountLoop:
   795 000004A6 803B00                  cmp byte [rbx], NULL
   796 000004A9 7406                    je strCountDone
   797 000004AB 48FFC3                  inc rbx
   798 000004AE 48FFC2                  inc rdx
   799 000004B1 EBF1                    jmp strCountLoop
   800                                 strCountDone:
   801                                 
   802 000004B3 4883FA00                cmp rdx, 0
   803 000004B7 7411                    je prtDone
   804                                 
   805                                 
   806                                 
   807                                 
   808 000004B9 48C7C001000000          mov rax, SYS_write
   809 000004C0 4889FE                  mov rsi, rdi
   810 000004C3 48C7C701000000          mov rdi, STDOUT
   811                                 
   812 000004CA 0F05                    syscall
   813                                 
   814                                 
   815                                 
   816                                 
   817                                 prtDone:
   818 000004CC C3                      ret
   819                                 
   820                                 
   821                                 
   822                                 [global StringToNum]
   823                                 StringToNum:
   824                                 
   825 000004CD 51                     push rcx
   826 000004CE 53                     push rbx
   827 000004CF 52                     push rdx
   828 000004D0 4155                   push r13
   829 000004D2 4153                   push r11
   830 000004D4 4156                   push r14
   831                                 
   832 000004D6 48C7C100000000         mov rcx, 0
   833 000004DD 48C7C000000000         mov rax, 0
   834                                 
   835                                 stringSize:
   836 000004E4 8A040F                 mov al, byte [rdi + rcx]
   837 000004E7 48FFC1                 inc rcx
   838 000004EA 3C00                   cmp al, NULL
   839 000004EC 75F4                   jne stringSize
   840                                 
   841 000004EE 48FFC9                 dec rcx
   842 000004F1 48C7C300000000         mov rbx, 0
   843 000004F8 49C7C506000000         mov r13, 6
   844 000004FF 4989CB                 mov r11, rcx
   845 00000502 49FFCB                 dec r11
   846 00000505 49C7C600000000         mov r14, 0
   847                                 
   848                                 toDigit:
   849 0000050C 0FB6041F               movzx eax, byte [rdi + rbx]
   850 00000510 83E830                 sub eax, 48
   851                                 
   852 00000513 4983FB00               cmp r11, 0
   853 00000517 7500                   jne exp
   854 00000519 EB0A                   jmp continue
   855                                 
   856                                 exp:
   857 0000051B 41F7E5                 mul r13d
   858 0000051E 49FFCB                 dec r11
   859 00000521 4983FB00               cmp r11, 0
   860 00000525 75F2                   jne exp
   861                                 
   862                                 continue:
   863 00000527 4101C6                 add r14d, eax
   864                                 
   865 0000052A 48FFC3                 inc rbx
   866 0000052D 48FFC9                 dec rcx
   867 00000530 4989CB                 mov r11, rcx
   868 00000533 49FFCB                 dec r11
   869 00000536 4883F900               cmp rcx, 0
   870 0000053A 75CE                   jne toDigit
   871                                 
   872 0000053C 4489F0                 mov eax, r14d
   873                                 
   874 0000053F 415E                   pop r14
   875 00000541 415B                   pop r11
   876 00000543 415D                   pop r13
   877 00000545 5A                     pop rdx
   878 00000546 5B                     pop rbx
   879 00000547 59                     pop rcx
   880                                 
   881 00000548 C3                     ret
