     1                                 %line 1+1 ast06.asm
     2                                 
     3                                 
     4                                 
     5                                 
     6                                 
     7                                 
     8                                 
     9                                 
    10                                 
    11                                 
    12                                 
    13                                 
    14                                 
    15                                 
    16                                 
    17                                 
    18                                 
    19                                 
    20                                 
    21                                 
    22                                 
    23                                 
    24                                 
    25                                 
    26                                 
    27                                 
    28                                 
    29                                 
    30                                 
    31                                 
    32                                 
    33                                 
    34                                 
    35                                 %line 88+1 ast06.asm
    36                                 
    37                                 
    38                                 
    39                                 
    40                                 
    41                                 
    42                                 
    43                                 
    44                                 
    45                                 
    46                                 
    47                                 
    48                                 
    49                                 
    50                                 
    51                                 
    52                                 
    53                                 
    54                                 
    55                                 
    56                                 
    57                                 
    58                                 %line 149+1 ast06.asm
    59                                 
    60                                 
    61                                 
    62                                 
    63                                 
    64                                 
    65                                 
    66                                 
    67                                 
    68                                 
    69                                 
    70                                 
    71                                 %line 189+1 ast06.asm
    72                                 
    73                                 
    74                                 
    75                                 
    76                                 [section .data]
    77                                 
    78                                 
    79                                 
    80                                 
    81                                 TRUE equ 1
    82                                 FALSE equ 0
    83                                 
    84                                 EXIT_SUCCESS equ 0
    85                                 NOSUCCESS equ 1
    86                                 
    87                                 STDIN equ 0
    88                                 STDOUT equ 1
    89                                 STDERR equ 2
    90                                 
    91                                 SYS_read equ 0
    92                                 SYS_write equ 1
    93                                 SYS_open equ 2
    94                                 SYS_close equ 3
    95                                 SYS_fork equ 57
    96                                 SYS_exit equ 60
    97                                 SYS_creat equ 85
    98                                 SYS_time equ 201
    99                                 
   100                                 LF equ 10
   101                                 SPACE equ " "
   102                                 NULL equ 0
   103                                 ESC equ 27
   104                                 
   105                                 NUMS_PER_LINE equ 4
   106                                 
   107                                 
   108                                 
   109                                 
   110                                 STR_LENGTH equ 12
   111                                 
   112                                 aSideLengths
   113 00000000 202020202020202020-     db "         23", NULL, "         43", NULL, "        150", NULL
   114 00000000 323300202020202020-
   115 00000000 202020343300202020-
   116 00000000 202020202031353000 
   117 00000024 202020202020202032-     db "        215", NULL, "        234", NULL, "        251", NULL
   118 00000024 313500202020202020-
   119 00000024 202032333400202020-
   120 00000024 202020202032353100 
   121 00000048 202020202020202033-     db "        302", NULL, "        322", NULL, "        342", NULL
   122 00000048 303200202020202020-
   123 00000048 202033323200202020-
   124 00000048 202020202033343200 
   125 0000006C 202020202020202034-     db "        411", NULL, "        432", NULL, "        450", NULL
   126 0000006C 313100202020202020-
   127 0000006C 202034333200202020-
   128 0000006C 202020202034353000 
   129 00000090 202020202020202035-     db "        512", NULL, "        532", NULL, "        555", NULL
   130 00000090 313200202020202020-
   131 00000090 202035333200202020-
   132 00000090 202020202035353500 
   133 000000B4 202020202020203130-     db "       1021", NULL, "       1034", NULL, "       1052", NULL
   134 000000B4 323100202020202020-
   135 000000B4 203130333400202020-
   136 000000B4 202020203130353200 
   137 000000D8 202020202020203230-     db "       2002", NULL, "       2213", NULL, "       2325", NULL
   138 000000D8 303200202020202020-
   139 000000D8 203232313300202020-
   140 000000D8 202020203233323500 
   141 000000FC 202020202020203331-     db "       3131", NULL, "       3204", NULL, "       3520", NULL
   142 000000FC 333100202020202020-
   143 000000FC 203332303400202020-
   144 000000FC 202020203335323000 
   145 00000120 202020202020203431-     db "       4112", NULL, "       4200", NULL, "       4430", NULL
   146 00000120 313200202020202020-
   147 00000120 203432303000202020-
   148 00000120 202020203434333000 
   149 00000144 202020202020203532-     db "       5230", NULL, "       5321", NULL, "       5513", NULL
   150 00000144 333000202020202020-
   151 00000144 203533323100202020-
   152 00000144 202020203535313300 
   153 00000168 202020202020313032-     db "      10234", NULL, "      11203", NULL, "      12345", NULL
   154 00000168 333400202020202020-
   155 00000168 313132303300202020-
   156 00000168 202020313233343500 
   157 0000018C 202020202020323032-     db "      20245", NULL, "      23450", NULL, "      24513", NULL
   158 0000018C 343500202020202020-
   159 0000018C 323334353000202020-
   160 0000018C 202020323435313300 
   161 000001B0 202020202020333132-     db "      31243", NULL, "      33525", NULL, "      41230", NULL
   162 000001B0 343300202020202020-
   163 000001B0 333335323500202020-
   164 000001B0 202020343132333000 
   165 000001D4 202020202020353433-     db "      54321", NULL
   166 000001D4 323100             
   167                                 
   168 000001E0 202020202020202031-    aSenaryLength db "        104", NULL
   169 000001E0 303400             
   170 000001EC 00000000               length dd 0
   171                                 
   172 000001F0 00000000               perimSum dd 0
   173 000001F4 00000000               perimAve dd 0
   174 000001F8 00000000               perimMin dd 0
   175 000001FC 00000000               perimMax dd 0
   176                                 
   177                                 
   178                                 
   179                                 
   180 00000200 2D2D2D2D2D2D2D2D2D-    hdr db "-----------------------------------------------------"
   181 00000200 2D2D2D2D2D2D2D2D2D-
   182 00000200 2D2D2D2D2D2D2D2D2D-
   183 00000200 2D2D2D2D2D2D2D2D2D-
   184 00000200 2D2D2D2D2D2D2D2D2D-
   185 00000200 2D2D2D2D2D2D2D2D   
   186 00000235 0A1B5B316D43532032-     db LF, ESC, "[1m", "CS 218 - Assignment #6", ESC, "[0m", LF
   187 00000235 3138202D2041737369-
   188 00000235 676E6D656E74202336-
   189 00000235 1B5B306D0A         
   190 00000255 506572696D65746572-     db "Perimeter Calculations", LF, LF
   191 00000255 2043616C63756C6174-
   192 00000255 696F6E730A0A       
   193 0000026D 506572696D65746572-     db "Perimeters:", LF, NULL
   194 0000026D 733A0A00           
   195 0000027A 0A506572696D657465-    shdr db LF, "Perimeters Sum:  ", NULL
   196 0000027A 72732053756D3A2020-
   197 0000027A 00                 
   198 0000028D 0A506572696D657465-    avhdr db LF, "Perimeters Ave:  ", NULL
   199 0000028D 7273204176653A2020-
   200 0000028D 00                 
   201 000002A0 0A506572696D657465-    minhdr db LF, "Perimeters Min:  ", NULL
   202 000002A0 7273204D696E3A2020-
   203 000002A0 00                 
   204 000002B3 0A506572696D657465-    maxhdr db LF, "Perimeters Max:  ", NULL
   205 000002B3 7273204D61783A2020-
   206 000002B3 00                 
   207                                 
   208 000002C6 0A00                   newLine db LF, NULL
   209 000002C8 20202000               spaces db "   ", NULL
   210                                 
   211                                 
   212                                 
   213                                 
   214                                 [section .bss]
   215                                 
   216 00000000 <gap>                  tmpInteger resd 1
   217                                 
   218 00000004 <gap>                  perimsArray resd 40
   219                                 
   220 000000A4 <gap>                  lenString resb STR_LENGTH
   221 000000B0 <gap>                  tempString resb STR_LENGTH
   222                                 
   223 000000BC <gap>                  perimSumString resb STR_LENGTH
   224 000000C8 <gap>                  perimAveString resb STR_LENGTH
   225 000000D4 <gap>                  perimMinString resb STR_LENGTH
   226 000000E0 <gap>                  perimMaxString resb STR_LENGTH
   227                                 
   228                                 
   229                                 
   230                                 [section .text]
   231                                 [global _start]
   232                                 _start:
   233                                 
   234                                 
   235                                 
   236                                 
   237 00000000 50                      push rax
   238                                 %line 294+0 ast06.asm
   239 00000001 57                      push rdi
   240 00000002 56                      push rsi
   241 00000003 52                      push rdx
   242 00000004 51                      push rcx
   243                                 
   244 00000005 488D3C25[00000000]      lea rdi, [hdr]
   245 0000000D 48C7C200000000          mov rdx, 0
   246                                 ..@4.countLoop:
   247 00000014 803F00                  cmp byte [rdi], NULL
   248 00000017 7406                    je ..@4.countLoopDone
   249 00000019 48FFC7                  inc rdi
   250 0000001C 48FFC2                  inc rdx
   251 0000001F EBF1                    jmp ..@4.countLoop
   252                                 ..@4.countLoopDone:
   253                                 
   254 00000021 48C7C001000000          mov rax, SYS_write
   255 00000028 48C7C701000000          mov rdi, STDOUT
   256 0000002F 488D3425[00000000]      lea rsi, [hdr]
   257 00000037 0F05                    syscall
   258                                 
   259 00000039 59                      pop rcx
   260 0000003A 5A                      pop rdx
   261 0000003B 5E                      pop rsi
   262 0000003C 5F                      pop rdi
   263 0000003D 58                      pop rax
   264                                 %line 295+1 ast06.asm
   265                                 
   266                                 
   267                                 
   268                                 
   269                                 
   270                                 
   271                                 
   272                                 
   273                                 
   274                                 
   275                                 
   276 0000003E 49C7C400000000         mov r12, 0
   277 00000045 49C7C500000000         mov r13, 0
   278                                 
   279                                 whitespace:
   280                                 
   281 0000004C 418A8424[00000000]     mov al, byte [aSenaryLength + r12]
   282                                 
   283 00000054 49FFC4                 inc r12
   284 00000057 3C20                   cmp al, 32
   285 00000059 74EF                   je whitespace
   286                                 
   287 0000005B 418885[00000000]       mov byte [tempString + r13], al
   288 00000062 49FFC5                 inc r13
   289 00000065 4983FC0C               cmp r12, STR_LENGTH
   290 00000069 75DF                   jne whitespace
   291                                 
   292                                 
   293 0000006B 49C7C400000000         mov r12, 0
   294 00000072 49FFCD                 dec r13
   295 00000075 4D89EE                 mov r14, r13
   296 00000078 49FFCE                 dec r14
   297 0000007B B106                   mov cl, 6
   298                                 toDigit:
   299                                 
   300 0000007D 410FB68424[00000000]     movzx eax, byte [tempString + r12]
   301 00000086 83E830                 sub eax, 48
   302                                 
   303 00000089 4983FE00               cmp r14, 0
   304 0000008D 7500                   jne exp
   305 0000008F EB09                   jmp continue
   306                                 
   307                                 exp:
   308 00000091 F6E1                   mul cl
   309 00000093 49FFCE                 dec r14
   310 00000096 4983FE00               cmp r14, 0
   311 0000009A 75F3                   jne exp
   312                                 
   313                                 continue:
   314 0000009C 000425[00000000]       add byte [length], al
   315                                 
   316 000000A3 49FFC4                 inc r12
   317 000000A6 49FFCD                 dec r13
   318 000000A9 4D89EE                 mov r14, r13
   319 000000AC 49FFCE                 dec r14
   320 000000AF 4983FD00               cmp r13, 0
   321 000000B3 75C6                   jne toDigit
   322                                 
   323                                 
   324                                 
   325                                 
   326                                 
   327 000000B5 8B0C25[00000000]        mov ecx, dword [length]
   328 000000BC 48C7C700000000          mov rdi, 0
   329 000000C3 48C7C3[00000000]        mov rbx, aSideLengths
   330                                 cvtLoop:
   331 000000CA 53                      push rbx
   332 000000CB 51                      push rcx
   333 000000CC 57                      push rdi
   334                                 
   335                                 %line 364+0 ast06.asm
   336                                 
   337                                 
   338 000000CD 49C7C400000000         mov r12, 0
   339 000000D4 49C7C500000000         mov r13, 0
   340 000000DB 48C7C000000000         mov rax, 0
   341 000000E2 4C8D3B                 lea r15, [rbx]
   342                                 
   343                                 ..@5.whitespace:
   344 000000E5 438A0427               mov al, byte [r15 + r12]
   345                                 
   346 000000E9 49FFC4                 inc r12
   347 000000EC 3C20                   cmp al, 32
   348 000000EE 74F3                   je ..@5.whitespace
   349                                 
   350 000000F0 418885[00000000]       mov byte [tempString + r13], al
   351 000000F7 49FFC5                 inc r13
   352 000000FA 4983FC0C               cmp r12, STR_LENGTH
   353 000000FE 75E3                   jne ..@5.whitespace
   354                                 
   355                                 
   356 00000100 49C7C400000000         mov r12, 0
   357 00000107 49FFCD                 dec r13
   358 0000010A 4D89EE                 mov r14, r13
   359 0000010D 49FFCE                 dec r14
   360 00000110 41B006                 mov r8b, 6
   361                                 ..@5.toDigit:
   362                                 
   363 00000113 410FB68424[00000000]     movzx eax, byte [tempString + r12]
   364 0000011C 83E830                 sub eax, 48
   365                                 
   366 0000011F 4983FE00               cmp r14, 0
   367 00000123 7500                   jne ..@5.exp
   368 00000125 EB0A                   jmp ..@5.continue
   369                                 
   370                                 ..@5.exp:
   371 00000127 41F6E0                 mul r8b
   372 0000012A 49FFCE                 dec r14
   373 0000012D 4983FE00               cmp r14, 0
   374 00000131 75F2                   jne ..@5.exp
   375                                 
   376                                 ..@5.continue:
   377 00000133 010425[00000000]       add dword [tmpInteger], eax
   378                                 
   379 0000013A 49FFC4                 inc r12
   380 0000013D 49FFCD                 dec r13
   381 00000140 4D89EE                 mov r14, r13
   382 00000143 49FFCE                 dec r14
   383 00000146 4983FD00               cmp r13, 0
   384 0000014A 75C5                   jne ..@5.toDigit
   385                                 
   386                                 
   387                                 %line 365+1 ast06.asm
   388 0000014C 5F                      pop rdi
   389 0000014D 59                      pop rcx
   390 0000014E 5B                      pop rbx
   391                                 
   392 0000014F 8B0425[00000000]        mov eax, dword [tmpInteger]
   393 00000156 41B806000000            mov r8d, 6
   394 0000015C 41F7E0                  mul r8d
   395 0000015F 8904BD[00000000]        mov dword [perimsArray+rdi*4], eax
   396 00000166 4883C30C                add rbx, STR_LENGTH
   397                                 
   398 0000016A 48FFC7                  inc rdi
   399 0000016D FFC9                    dec ecx
   400 0000016F 83F900                  cmp ecx, 0
   401 00000172 0F854CFFFFFF            jne cvtLoop
   402                                 
   403                                 
   404                                 
   405                                 
   406 00000178 8B0C25[00000000]        mov ecx, dword [length]
   407 0000017F 48C7C600000000          mov rsi, 0
   408 00000186 49C7C400000000          mov r12, 0
   409                                 printLoop:
   410 0000018D 51                      push rcx
   411 0000018E 56                      push rsi
   412 0000018F 4154                    push r12
   413                                 
   414                                 
   415                                 %line 391+0 ast06.asm
   416                                 
   417                                 
   418 00000191 49C7C400000000         mov r12, 0
   419 00000198 49C7C50A000000         mov r13, 10
   420 0000019F 89C0                   mov eax, eax
   421                                 ..@6.toString:
   422 000001A1 99                     cdq
   423 000001A2 41F7F5                 div r13d
   424 000001A5 83C230                 add edx, 48
   425 000001A8 41889424[00000000]     mov byte [tempString + r12], dl
   426 000001B0 49FFC4                 inc r12
   427 000001B3 83F800                 cmp eax, 0
   428 000001B6 75E7                   jne ..@6.toString
   429                                 
   430 000001B8 49FFCC                 dec r12
   431 000001BB 49C7C500000000         mov r13, 0
   432 000001C2 49C7C60C000000         mov r14, STR_LENGTH
   433 000001C9 41FECE                 dec r14b
   434 000001CC 4528E6                 sub r14b, r12b
   435                                 
   436                                 ..@6.insertWS:
   437 000001CF 41C685[00000000]20     mov byte [tempString + r13], 32
   438 000001D7 41FEC5                 inc r13b
   439 000001DA 4538F5                 cmp r13b, r14b
   440 000001DD 75EE                   jne ..@6.insertWS
   441                                 
   442                                 ..@6.moveChars:
   443 000001DF 418A8424[00000000]     mov al, byte [tempString + r12]
   444 000001E7 418885[00000000]       mov byte [tempString + r13], al
   445 000001EE 49FFCC                 dec r12
   446 000001F1 49FFC5                 inc r13
   447 000001F4 4983FC0C               cmp r12, STR_LENGTH
   448 000001F8 75E3                   jne ..@6.moveChars
   449                                 
   450 000001FA 41C685[00000000]00     mov byte[tempString + r13], NULL
   451                                 
   452                                 %line 392+1 ast06.asm
   453                                 
   454 00000202 50                      push rax
   455                                 %line 393+0 ast06.asm
   456 00000203 57                      push rdi
   457 00000204 56                      push rsi
   458 00000205 52                      push rdx
   459 00000206 51                      push rcx
   460                                 
   461 00000207 488D3C25[00000000]      lea rdi, [tempString]
   462 0000020F 48C7C200000000          mov rdx, 0
   463                                 ..@7.countLoop:
   464 00000216 803F00                  cmp byte [rdi], NULL
   465 00000219 7406                    je ..@7.countLoopDone
   466 0000021B 48FFC7                  inc rdi
   467 0000021E 48FFC2                  inc rdx
   468 00000221 EBF1                    jmp ..@7.countLoop
   469                                 ..@7.countLoopDone:
   470                                 
   471 00000223 48C7C001000000          mov rax, SYS_write
   472 0000022A 48C7C701000000          mov rdi, STDOUT
   473 00000231 488D3425[00000000]      lea rsi, [tempString]
   474 00000239 0F05                    syscall
   475                                 
   476 0000023B 59                      pop rcx
   477 0000023C 5A                      pop rdx
   478 0000023D 5E                      pop rsi
   479 0000023E 5F                      pop rdi
   480 0000023F 58                      pop rax
   481                                 %line 394+1 ast06.asm
   482 00000240 50                      push rax
   483                                 %line 394+0 ast06.asm
   484 00000241 57                      push rdi
   485 00000242 56                      push rsi
   486 00000243 52                      push rdx
   487 00000244 51                      push rcx
   488                                 
   489 00000245 488D3C25[00000000]      lea rdi, [spaces]
   490 0000024D 48C7C200000000          mov rdx, 0
   491                                 ..@8.countLoop:
   492 00000254 803F00                  cmp byte [rdi], NULL
   493 00000257 7406                    je ..@8.countLoopDone
   494 00000259 48FFC7                  inc rdi
   495 0000025C 48FFC2                  inc rdx
   496 0000025F EBF1                    jmp ..@8.countLoop
   497                                 ..@8.countLoopDone:
   498                                 
   499 00000261 48C7C001000000          mov rax, SYS_write
   500 00000268 48C7C701000000          mov rdi, STDOUT
   501 0000026F 488D3425[00000000]      lea rsi, [spaces]
   502 00000277 0F05                    syscall
   503                                 
   504 00000279 59                      pop rcx
   505 0000027A 5A                      pop rdx
   506 0000027B 5E                      pop rsi
   507 0000027C 5F                      pop rdi
   508 0000027D 58                      pop rax
   509                                 %line 395+1 ast06.asm
   510                                 
   511 0000027E 415C                    pop r12
   512 00000280 5E                      pop rsi
   513 00000281 59                      pop rcx
   514                                 
   515 00000282 49FFC4                  inc r12
   516 00000285 4983FC03                cmp r12, 3
   517 00000289 7543                    jne skipNewline
   518 0000028B 49C7C400000000          mov r12, 0
   519 00000292 50                      push rax
   520                                 %line 404+0 ast06.asm
   521 00000293 57                      push rdi
   522 00000294 56                      push rsi
   523 00000295 52                      push rdx
   524 00000296 51                      push rcx
   525                                 
   526 00000297 488D3C25[00000000]      lea rdi, [newLine]
   527 0000029F 48C7C200000000          mov rdx, 0
   528                                 ..@9.countLoop:
   529 000002A6 803F00                  cmp byte [rdi], NULL
   530 000002A9 7406                    je ..@9.countLoopDone
   531 000002AB 48FFC7                  inc rdi
   532 000002AE 48FFC2                  inc rdx
   533 000002B1 EBF1                    jmp ..@9.countLoop
   534                                 ..@9.countLoopDone:
   535                                 
   536 000002B3 48C7C001000000          mov rax, SYS_write
   537 000002BA 48C7C701000000          mov rdi, STDOUT
   538 000002C1 488D3425[00000000]      lea rsi, [newLine]
   539 000002C9 0F05                    syscall
   540                                 
   541 000002CB 59                      pop rcx
   542 000002CC 5A                      pop rdx
   543 000002CD 5E                      pop rsi
   544 000002CE 5F                      pop rdi
   545 000002CF 58                      pop rax
   546                                 %line 405+1 ast06.asm
   547                                 skipNewline:
   548 000002D0 48FFC6                  inc rsi
   549                                 
   550 000002D3 FFC9                    dec ecx
   551 000002D5 83F900                  cmp ecx, 0
   552 000002D8 0F85A9FEFFFF            jne printLoop
   553 000002DE 50                      push rax
   554                                 %line 411+0 ast06.asm
   555 000002DF 57                      push rdi
   556 000002E0 56                      push rsi
   557 000002E1 52                      push rdx
   558 000002E2 51                      push rcx
   559                                 
   560 000002E3 488D3C25[00000000]      lea rdi, [newLine]
   561 000002EB 48C7C200000000          mov rdx, 0
   562                                 ..@10.countLoop:
   563 000002F2 803F00                  cmp byte [rdi], NULL
   564 000002F5 7406                    je ..@10.countLoopDone
   565 000002F7 48FFC7                  inc rdi
   566 000002FA 48FFC2                  inc rdx
   567 000002FD EBF1                    jmp ..@10.countLoop
   568                                 ..@10.countLoopDone:
   569                                 
   570 000002FF 48C7C001000000          mov rax, SYS_write
   571 00000306 48C7C701000000          mov rdi, STDOUT
   572 0000030D 488D3425[00000000]      lea rsi, [newLine]
   573 00000315 0F05                    syscall
   574                                 
   575 00000317 59                      pop rcx
   576 00000318 5A                      pop rdx
   577 00000319 5E                      pop rsi
   578 0000031A 5F                      pop rdi
   579 0000031B 58                      pop rax
   580                                 %line 412+1 ast06.asm
   581                                 
   582                                 
   583                                 
   584                                 
   585                                 
   586                                 
   587                                 
   588                                 
   589 0000031C 49C7C400000000         mov r12, 0
   590 00000323 8B0425[00000000]       mov eax, dword [perimsArray]
   591 0000032A 890425[00000000]       mov dword [perimMin], eax
   592 00000331 890425[00000000]       mov dword [perimMax], eax
   593                                 perimsLoop:
   594 00000338 428B04A5[00000000]     mov eax, dword [perimsArray + r12 * 4]
   595 00000340 010425[00000000]       add dword [perimSum], eax
   596                                 
   597 00000347 390425[00000000]       cmp dword [perimMin], eax
   598 0000034E 7700                   ja swapMin
   599 00000350 EB05                   jmp checkMax
   600                                 
   601                                 swapMin:
   602 00000352 890425[00000000]       mov dword [perimMin], eax
   603                                 
   604                                 checkMax:
   605 00000359 390425[00000000]       cmp dword [perimMax], eax
   606 00000360 7200                   jb swapMax
   607 00000362 EB05                   jmp skipMax
   608                                 
   609                                 swapMax:
   610 00000364 890425[00000000]       mov dword [perimMax], eax
   611                                 
   612                                 skipMax:
   613 0000036B 49FFC4                 inc r12
   614 0000036E 443A2425[00000000]     cmp r12b, byte [length]
   615 00000376 75BE                   jne perimsLoop
   616                                 
   617                                 
   618 00000378 8B0425[00000000]       mov eax, dword [perimSum]
   619 0000037F 0FB60C25[00000000]     movzx ecx, byte [length]
   620 00000387 99                     cdq
   621 00000388 F7F1                   div ecx
   622 0000038A 890425[00000000]       mov dword [perimAve], eax
   623                                 
   624                                 
   625                                 
   626                                 
   627                                 
   628                                 
   629 00000391 50                      push rax
   630                                 %line 460+0 ast06.asm
   631 00000392 57                      push rdi
   632 00000393 56                      push rsi
   633 00000394 52                      push rdx
   634 00000395 51                      push rcx
   635                                 
   636 00000396 488D3C25[00000000]      lea rdi, [shdr]
   637 0000039E 48C7C200000000          mov rdx, 0
   638                                 ..@11.countLoop:
   639 000003A5 803F00                  cmp byte [rdi], NULL
   640 000003A8 7406                    je ..@11.countLoopDone
   641 000003AA 48FFC7                  inc rdi
   642 000003AD 48FFC2                  inc rdx
   643 000003B0 EBF1                    jmp ..@11.countLoop
   644                                 ..@11.countLoopDone:
   645                                 
   646 000003B2 48C7C001000000          mov rax, SYS_write
   647 000003B9 48C7C701000000          mov rdi, STDOUT
   648 000003C0 488D3425[00000000]      lea rsi, [shdr]
   649 000003C8 0F05                    syscall
   650                                 
   651 000003CA 59                      pop rcx
   652 000003CB 5A                      pop rdx
   653 000003CC 5E                      pop rsi
   654 000003CD 5F                      pop rdi
   655 000003CE 58                      pop rax
   656                                 %line 461+1 ast06.asm
   657                                 
   658                                 
   659                                 
   660                                 
   661                                 
   662                                 
   663                                 
   664                                 
   665                                 
   666 000003CF 49C7C400000000         mov r12, 0
   667 000003D6 49C7C50A000000         mov r13, 10
   668 000003DD 8B0425[00000000]       mov eax, dword [perimSum]
   669                                 toString:
   670 000003E4 99                     cdq
   671 000003E5 41F7F5                 div r13d
   672 000003E8 83C230                 add edx, 48
   673 000003EB 41889424[00000000]     mov byte [tempString + r12], dl
   674 000003F3 49FFC4                 inc r12
   675 000003F6 83F800                 cmp eax, 0
   676 000003F9 75E7                   jne toString
   677                                 
   678 000003FB 49FFCC                 dec r12
   679 000003FE 49C7C500000000         mov r13, 0
   680 00000405 49C7C60C000000         mov r14, STR_LENGTH
   681 0000040C 41FECE                 dec r14b
   682 0000040F 4528E6                 sub r14b, r12b
   683                                 
   684                                 insertWS:
   685 00000412 41C685[00000000]20     mov byte [perimSumString + r13], 32
   686 0000041A 41FEC5                 inc r13b
   687 0000041D 4538F5                 cmp r13b, r14b
   688 00000420 75EE                   jne insertWS
   689                                 
   690                                 moveChars:
   691 00000422 418A8424[00000000]     mov al, byte [tempString + r12]
   692 0000042A 418885[00000000]       mov byte [perimSumString + r13], al
   693 00000431 49FFCC                 dec r12
   694 00000434 49FFC5                 inc r13
   695 00000437 4983FC0C               cmp r12, STR_LENGTH
   696 0000043B 75E3                   jne moveChars
   697                                 
   698 0000043D 41C685[00000000]00     mov byte[perimSumString + r13], NULL
   699                                 
   700                                 
   701 00000445 50                      push rax
   702                                 %line 505+0 ast06.asm
   703 00000446 57                      push rdi
   704 00000447 56                      push rsi
   705 00000448 52                      push rdx
   706 00000449 51                      push rcx
   707                                 
   708 0000044A 488D3C25[00000000]      lea rdi, [perimSumString]
   709 00000452 48C7C200000000          mov rdx, 0
   710                                 ..@12.countLoop:
   711 00000459 803F00                  cmp byte [rdi], NULL
   712 0000045C 7406                    je ..@12.countLoopDone
   713 0000045E 48FFC7                  inc rdi
   714 00000461 48FFC2                  inc rdx
   715 00000464 EBF1                    jmp ..@12.countLoop
   716                                 ..@12.countLoopDone:
   717                                 
   718 00000466 48C7C001000000          mov rax, SYS_write
   719 0000046D 48C7C701000000          mov rdi, STDOUT
   720 00000474 488D3425[00000000]      lea rsi, [perimSumString]
   721 0000047C 0F05                    syscall
   722                                 
   723 0000047E 59                      pop rcx
   724 0000047F 5A                      pop rdx
   725 00000480 5E                      pop rsi
   726 00000481 5F                      pop rdi
   727 00000482 58                      pop rax
   728                                 %line 506+1 ast06.asm
   729                                 
   730                                 
   731                                 
   732                                 
   733                                 
   734 00000483 50                      push rax
   735                                 %line 511+0 ast06.asm
   736 00000484 57                      push rdi
   737 00000485 56                      push rsi
   738 00000486 52                      push rdx
   739 00000487 51                      push rcx
   740                                 
   741 00000488 488D3C25[00000000]      lea rdi, [avhdr]
   742 00000490 48C7C200000000          mov rdx, 0
   743                                 ..@13.countLoop:
   744 00000497 803F00                  cmp byte [rdi], NULL
   745 0000049A 7406                    je ..@13.countLoopDone
   746 0000049C 48FFC7                  inc rdi
   747 0000049F 48FFC2                  inc rdx
   748 000004A2 EBF1                    jmp ..@13.countLoop
   749                                 ..@13.countLoopDone:
   750                                 
   751 000004A4 48C7C001000000          mov rax, SYS_write
   752 000004AB 48C7C701000000          mov rdi, STDOUT
   753 000004B2 488D3425[00000000]      lea rsi, [avhdr]
   754 000004BA 0F05                    syscall
   755                                 
   756 000004BC 59                      pop rcx
   757 000004BD 5A                      pop rdx
   758 000004BE 5E                      pop rsi
   759 000004BF 5F                      pop rdi
   760 000004C0 58                      pop rax
   761                                 %line 512+1 ast06.asm
   762                                 
   763                                 %line 512+0 ast06.asm
   764                                 
   765                                 
   766 000004C1 49C7C400000000         mov r12, 0
   767 000004C8 49C7C50A000000         mov r13, 10
   768 000004CF 8B0425[00000000]       mov eax, dword [perimAve]
   769                                 ..@14.toString:
   770 000004D6 99                     cdq
   771 000004D7 41F7F5                 div r13d
   772 000004DA 83C230                 add edx, 48
   773 000004DD 41889424[00000000]     mov byte [tempString + r12], dl
   774 000004E5 49FFC4                 inc r12
   775 000004E8 83F800                 cmp eax, 0
   776 000004EB 75E7                   jne ..@14.toString
   777                                 
   778 000004ED 49FFCC                 dec r12
   779 000004F0 49C7C500000000         mov r13, 0
   780 000004F7 49C7C60C000000         mov r14, STR_LENGTH
   781 000004FE 41FECE                 dec r14b
   782 00000501 4528E6                 sub r14b, r12b
   783                                 
   784                                 ..@14.insertWS:
   785 00000504 41C685[00000000]20     mov byte [perimAveString + r13], 32
   786 0000050C 41FEC5                 inc r13b
   787 0000050F 4538F5                 cmp r13b, r14b
   788 00000512 75EE                   jne ..@14.insertWS
   789                                 
   790                                 ..@14.moveChars:
   791 00000514 418A8424[00000000]     mov al, byte [tempString + r12]
   792 0000051C 418885[00000000]       mov byte [perimAveString + r13], al
   793 00000523 49FFCC                 dec r12
   794 00000526 49FFC5                 inc r13
   795 00000529 4983FC0C               cmp r12, STR_LENGTH
   796 0000052D 75E3                   jne ..@14.moveChars
   797                                 
   798 0000052F 41C685[00000000]00     mov byte[perimAveString + r13], NULL
   799                                 
   800                                 %line 513+1 ast06.asm
   801 00000537 50                      push rax
   802                                 %line 513+0 ast06.asm
   803 00000538 57                      push rdi
   804 00000539 56                      push rsi
   805 0000053A 52                      push rdx
   806 0000053B 51                      push rcx
   807                                 
   808 0000053C 488D3C25[00000000]      lea rdi, [perimAveString]
   809 00000544 48C7C200000000          mov rdx, 0
   810                                 ..@15.countLoop:
   811 0000054B 803F00                  cmp byte [rdi], NULL
   812 0000054E 7406                    je ..@15.countLoopDone
   813 00000550 48FFC7                  inc rdi
   814 00000553 48FFC2                  inc rdx
   815 00000556 EBF1                    jmp ..@15.countLoop
   816                                 ..@15.countLoopDone:
   817                                 
   818 00000558 48C7C001000000          mov rax, SYS_write
   819 0000055F 48C7C701000000          mov rdi, STDOUT
   820 00000566 488D3425[00000000]      lea rsi, [perimAveString]
   821 0000056E 0F05                    syscall
   822                                 
   823 00000570 59                      pop rcx
   824 00000571 5A                      pop rdx
   825 00000572 5E                      pop rsi
   826 00000573 5F                      pop rdi
   827 00000574 58                      pop rax
   828                                 %line 514+1 ast06.asm
   829                                 
   830 00000575 50                      push rax
   831                                 %line 515+0 ast06.asm
   832 00000576 57                      push rdi
   833 00000577 56                      push rsi
   834 00000578 52                      push rdx
   835 00000579 51                      push rcx
   836                                 
   837 0000057A 488D3C25[00000000]      lea rdi, [minhdr]
   838 00000582 48C7C200000000          mov rdx, 0
   839                                 ..@16.countLoop:
   840 00000589 803F00                  cmp byte [rdi], NULL
   841 0000058C 7406                    je ..@16.countLoopDone
   842 0000058E 48FFC7                  inc rdi
   843 00000591 48FFC2                  inc rdx
   844 00000594 EBF1                    jmp ..@16.countLoop
   845                                 ..@16.countLoopDone:
   846                                 
   847 00000596 48C7C001000000          mov rax, SYS_write
   848 0000059D 48C7C701000000          mov rdi, STDOUT
   849 000005A4 488D3425[00000000]      lea rsi, [minhdr]
   850 000005AC 0F05                    syscall
   851                                 
   852 000005AE 59                      pop rcx
   853 000005AF 5A                      pop rdx
   854 000005B0 5E                      pop rsi
   855 000005B1 5F                      pop rdi
   856 000005B2 58                      pop rax
   857                                 %line 516+1 ast06.asm
   858                                 
   859                                 %line 516+0 ast06.asm
   860                                 
   861                                 
   862 000005B3 49C7C400000000         mov r12, 0
   863 000005BA 49C7C50A000000         mov r13, 10
   864 000005C1 8B0425[00000000]       mov eax, dword [perimMin]
   865                                 ..@17.toString:
   866 000005C8 99                     cdq
   867 000005C9 41F7F5                 div r13d
   868 000005CC 83C230                 add edx, 48
   869 000005CF 41889424[00000000]     mov byte [tempString + r12], dl
   870 000005D7 49FFC4                 inc r12
   871 000005DA 83F800                 cmp eax, 0
   872 000005DD 75E7                   jne ..@17.toString
   873                                 
   874 000005DF 49FFCC                 dec r12
   875 000005E2 49C7C500000000         mov r13, 0
   876 000005E9 49C7C60C000000         mov r14, STR_LENGTH
   877 000005F0 41FECE                 dec r14b
   878 000005F3 4528E6                 sub r14b, r12b
   879                                 
   880                                 ..@17.insertWS:
   881 000005F6 41C685[00000000]20     mov byte [perimMinString + r13], 32
   882 000005FE 41FEC5                 inc r13b
   883 00000601 4538F5                 cmp r13b, r14b
   884 00000604 75EE                   jne ..@17.insertWS
   885                                 
   886                                 ..@17.moveChars:
   887 00000606 418A8424[00000000]     mov al, byte [tempString + r12]
   888 0000060E 418885[00000000]       mov byte [perimMinString + r13], al
   889 00000615 49FFCC                 dec r12
   890 00000618 49FFC5                 inc r13
   891 0000061B 4983FC0C               cmp r12, STR_LENGTH
   892 0000061F 75E3                   jne ..@17.moveChars
   893                                 
   894 00000621 41C685[00000000]00     mov byte[perimMinString + r13], NULL
   895                                 
   896                                 %line 517+1 ast06.asm
   897 00000629 50                      push rax
   898                                 %line 517+0 ast06.asm
   899 0000062A 57                      push rdi
   900 0000062B 56                      push rsi
   901 0000062C 52                      push rdx
   902 0000062D 51                      push rcx
   903                                 
   904 0000062E 488D3C25[00000000]      lea rdi, [perimMinString]
   905 00000636 48C7C200000000          mov rdx, 0
   906                                 ..@18.countLoop:
   907 0000063D 803F00                  cmp byte [rdi], NULL
   908 00000640 7406                    je ..@18.countLoopDone
   909 00000642 48FFC7                  inc rdi
   910 00000645 48FFC2                  inc rdx
   911 00000648 EBF1                    jmp ..@18.countLoop
   912                                 ..@18.countLoopDone:
   913                                 
   914 0000064A 48C7C001000000          mov rax, SYS_write
   915 00000651 48C7C701000000          mov rdi, STDOUT
   916 00000658 488D3425[00000000]      lea rsi, [perimMinString]
   917 00000660 0F05                    syscall
   918                                 
   919 00000662 59                      pop rcx
   920 00000663 5A                      pop rdx
   921 00000664 5E                      pop rsi
   922 00000665 5F                      pop rdi
   923 00000666 58                      pop rax
   924                                 %line 518+1 ast06.asm
   925                                 
   926 00000667 50                      push rax
   927                                 %line 519+0 ast06.asm
   928 00000668 57                      push rdi
   929 00000669 56                      push rsi
   930 0000066A 52                      push rdx
   931 0000066B 51                      push rcx
   932                                 
   933 0000066C 488D3C25[00000000]      lea rdi, [maxhdr]
   934 00000674 48C7C200000000          mov rdx, 0
   935                                 ..@19.countLoop:
   936 0000067B 803F00                  cmp byte [rdi], NULL
   937 0000067E 7406                    je ..@19.countLoopDone
   938 00000680 48FFC7                  inc rdi
   939 00000683 48FFC2                  inc rdx
   940 00000686 EBF1                    jmp ..@19.countLoop
   941                                 ..@19.countLoopDone:
   942                                 
   943 00000688 48C7C001000000          mov rax, SYS_write
   944 0000068F 48C7C701000000          mov rdi, STDOUT
   945 00000696 488D3425[00000000]      lea rsi, [maxhdr]
   946 0000069E 0F05                    syscall
   947                                 
   948 000006A0 59                      pop rcx
   949 000006A1 5A                      pop rdx
   950 000006A2 5E                      pop rsi
   951 000006A3 5F                      pop rdi
   952 000006A4 58                      pop rax
   953                                 %line 520+1 ast06.asm
   954                                 
   955                                 %line 520+0 ast06.asm
   956                                 
   957                                 
   958 000006A5 49C7C400000000         mov r12, 0
   959 000006AC 49C7C50A000000         mov r13, 10
   960 000006B3 8B0425[00000000]       mov eax, dword [perimMax]
   961                                 ..@20.toString:
   962 000006BA 99                     cdq
   963 000006BB 41F7F5                 div r13d
   964 000006BE 83C230                 add edx, 48
   965 000006C1 41889424[00000000]     mov byte [tempString + r12], dl
   966 000006C9 49FFC4                 inc r12
   967 000006CC 83F800                 cmp eax, 0
   968 000006CF 75E7                   jne ..@20.toString
   969                                 
   970 000006D1 49FFCC                 dec r12
   971 000006D4 49C7C500000000         mov r13, 0
   972 000006DB 49C7C60C000000         mov r14, STR_LENGTH
   973 000006E2 41FECE                 dec r14b
   974 000006E5 4528E6                 sub r14b, r12b
   975                                 
   976                                 ..@20.insertWS:
   977 000006E8 41C685[00000000]20     mov byte [perimMaxString + r13], 32
   978 000006F0 41FEC5                 inc r13b
   979 000006F3 4538F5                 cmp r13b, r14b
   980 000006F6 75EE                   jne ..@20.insertWS
   981                                 
   982                                 ..@20.moveChars:
   983 000006F8 418A8424[00000000]     mov al, byte [tempString + r12]
   984 00000700 418885[00000000]       mov byte [perimMaxString + r13], al
   985 00000707 49FFCC                 dec r12
   986 0000070A 49FFC5                 inc r13
   987 0000070D 4983FC0C               cmp r12, STR_LENGTH
   988 00000711 75E3                   jne ..@20.moveChars
   989                                 
   990 00000713 41C685[00000000]00     mov byte[perimMaxString + r13], NULL
   991                                 
   992                                 %line 521+1 ast06.asm
   993 0000071B 50                      push rax
   994                                 %line 521+0 ast06.asm
   995 0000071C 57                      push rdi
   996 0000071D 56                      push rsi
   997 0000071E 52                      push rdx
   998 0000071F 51                      push rcx
   999                                 
  1000 00000720 488D3C25[00000000]      lea rdi, [perimMaxString]
  1001 00000728 48C7C200000000          mov rdx, 0
  1002                                 ..@21.countLoop:
  1003 0000072F 803F00                  cmp byte [rdi], NULL
  1004 00000732 7406                    je ..@21.countLoopDone
  1005 00000734 48FFC7                  inc rdi
  1006 00000737 48FFC2                  inc rdx
  1007 0000073A EBF1                    jmp ..@21.countLoop
  1008                                 ..@21.countLoopDone:
  1009                                 
  1010 0000073C 48C7C001000000          mov rax, SYS_write
  1011 00000743 48C7C701000000          mov rdi, STDOUT
  1012 0000074A 488D3425[00000000]      lea rsi, [perimMaxString]
  1013 00000752 0F05                    syscall
  1014                                 
  1015 00000754 59                      pop rcx
  1016 00000755 5A                      pop rdx
  1017 00000756 5E                      pop rsi
  1018 00000757 5F                      pop rdi
  1019 00000758 58                      pop rax
  1020                                 %line 522+1 ast06.asm
  1021                                 
  1022 00000759 50                      push rax
  1023                                 %line 523+0 ast06.asm
  1024 0000075A 57                      push rdi
  1025 0000075B 56                      push rsi
  1026 0000075C 52                      push rdx
  1027 0000075D 51                      push rcx
  1028                                 
  1029 0000075E 488D3C25[00000000]      lea rdi, [newLine]
  1030 00000766 48C7C200000000          mov rdx, 0
  1031                                 ..@22.countLoop:
  1032 0000076D 803F00                  cmp byte [rdi], NULL
  1033 00000770 7406                    je ..@22.countLoopDone
  1034 00000772 48FFC7                  inc rdi
  1035 00000775 48FFC2                  inc rdx
  1036 00000778 EBF1                    jmp ..@22.countLoop
  1037                                 ..@22.countLoopDone:
  1038                                 
  1039 0000077A 48C7C001000000          mov rax, SYS_write
  1040 00000781 48C7C701000000          mov rdi, STDOUT
  1041 00000788 488D3425[00000000]      lea rsi, [newLine]
  1042 00000790 0F05                    syscall
  1043                                 
  1044 00000792 59                      pop rcx
  1045 00000793 5A                      pop rdx
  1046 00000794 5E                      pop rsi
  1047 00000795 5F                      pop rdi
  1048 00000796 58                      pop rax
  1049                                 %line 524+1 ast06.asm
  1050 00000797 50                      push rax
  1051                                 %line 524+0 ast06.asm
  1052 00000798 57                      push rdi
  1053 00000799 56                      push rsi
  1054 0000079A 52                      push rdx
  1055 0000079B 51                      push rcx
  1056                                 
  1057 0000079C 488D3C25[00000000]      lea rdi, [newLine]
  1058 000007A4 48C7C200000000          mov rdx, 0
  1059                                 ..@23.countLoop:
  1060 000007AB 803F00                  cmp byte [rdi], NULL
  1061 000007AE 7406                    je ..@23.countLoopDone
  1062 000007B0 48FFC7                  inc rdi
  1063 000007B3 48FFC2                  inc rdx
  1064 000007B6 EBF1                    jmp ..@23.countLoop
  1065                                 ..@23.countLoopDone:
  1066                                 
  1067 000007B8 48C7C001000000          mov rax, SYS_write
  1068 000007BF 48C7C701000000          mov rdi, STDOUT
  1069 000007C6 488D3425[00000000]      lea rsi, [newLine]
  1070 000007CE 0F05                    syscall
  1071                                 
  1072 000007D0 59                      pop rcx
  1073 000007D1 5A                      pop rdx
  1074 000007D2 5E                      pop rsi
  1075 000007D3 5F                      pop rdi
  1076 000007D4 58                      pop rax
  1077                                 %line 525+1 ast06.asm
  1078                                 
  1079                                 
  1080                                 
  1081                                 
  1082                                 last:
  1083 000007D5 48C7C03C000000          mov rax, SYS_exit
  1084 000007DC 48C7C700000000          mov rdi, EXIT_SUCCESS
  1085 000007E3 0F05                    syscall
  1086                                 
